2025-11-12 14:58:55,104 INFO [init] start from fresh weights
2025-11-12 14:59:05,604 INFO [train] games=100/50000  winrate=0.740  w/l/d=74/23/3  speed=9.5 games/s  eps=0.050
2025-11-12 14:59:16,592 INFO [train] games=200/50000  winrate=0.930  w/l/d=93/6/1  speed=9.1 games/s  eps=0.050
2025-11-12 14:59:27,777 INFO [train] games=300/50000  winrate=0.890  w/l/d=89/9/2  speed=8.9 games/s  eps=0.050
2025-11-12 14:59:39,906 INFO [train] games=400/50000  winrate=0.710  w/l/d=71/24/5  speed=8.2 games/s  eps=0.050
2025-11-12 14:59:51,728 INFO [train] games=500/50000  winrate=0.960  w/l/d=96/3/1  speed=8.5 games/s  eps=0.050
2025-11-12 15:00:03,141 INFO [train] games=600/50000  winrate=0.900  w/l/d=90/10/0  speed=8.8 games/s  eps=0.050
2025-11-12 15:00:13,837 INFO [train] games=700/50000  winrate=0.780  w/l/d=78/21/1  speed=9.4 games/s  eps=0.050
2025-11-12 15:00:24,313 INFO [train] games=800/50000  winrate=0.740  w/l/d=74/25/1  speed=9.5 games/s  eps=0.050
2025-11-12 15:00:34,641 INFO [train] games=900/50000  winrate=0.820  w/l/d=82/17/1  speed=9.7 games/s  eps=0.050
2025-11-12 15:00:44,974 INFO [train] games=1000/50000  winrate=0.720  w/l/d=72/27/1  speed=9.7 games/s  eps=0.050
2025-11-12 15:00:54,933 INFO [train] games=1100/50000  winrate=0.570  w/l/d=57/43/0  speed=10.0 games/s  eps=0.050
2025-11-12 15:01:04,363 INFO [train] games=1200/50000  winrate=0.550  w/l/d=55/43/2  speed=10.6 games/s  eps=0.050
2025-11-12 15:01:13,624 INFO [train] games=1300/50000  winrate=0.430  w/l/d=43/55/2  speed=10.8 games/s  eps=0.050
2025-11-12 15:01:23,856 INFO [train] games=1400/50000  winrate=0.160  w/l/d=16/82/2  speed=9.8 games/s  eps=0.050
2025-11-12 15:01:33,271 INFO [train] games=1500/50000  winrate=0.210  w/l/d=21/78/1  speed=10.6 games/s  eps=0.050
2025-11-12 15:01:42,573 INFO [train] games=1600/50000  winrate=0.740  w/l/d=74/25/1  speed=10.8 games/s  eps=0.050
2025-11-12 15:01:51,509 INFO [train] games=1700/50000  winrate=0.440  w/l/d=44/52/4  speed=11.2 games/s  eps=0.050
2025-11-12 15:02:00,809 INFO [train] games=1800/50000  winrate=0.220  w/l/d=22/77/1  speed=10.8 games/s  eps=0.050
2025-11-12 15:02:09,986 INFO [train] games=1900/50000  winrate=0.140  w/l/d=14/83/3  speed=10.9 games/s  eps=0.050
2025-11-12 15:02:19,431 INFO [train] games=2000/50000  winrate=0.350  w/l/d=35/64/1  speed=10.6 games/s  eps=0.050
2025-11-12 15:02:28,915 INFO [train] games=2100/50000  winrate=0.610  w/l/d=61/39/0  speed=10.5 games/s  eps=0.050
2025-11-12 15:02:38,670 INFO [train] games=2200/50000  winrate=0.620  w/l/d=62/38/0  speed=10.3 games/s  eps=0.050
2025-11-12 15:02:48,815 INFO [train] games=2300/50000  winrate=0.830  w/l/d=83/16/1  speed=9.9 games/s  eps=0.050
2025-11-12 15:02:58,661 INFO [train] games=2400/50000  winrate=0.640  w/l/d=64/33/3  speed=10.2 games/s  eps=0.050
2025-11-12 15:08:40,221 INFO [stop-check] games=2500, winrate=0.985, target=0.95
2025-11-12 15:08:40,222 INFO [stop] ðŸŽ¯ è¾¾åˆ°ç›®æ ‡èƒœçŽ‡ 0.985 >= 0.95, åœæ­¢è®­ç»ƒ!
2025-11-12 15:08:40,223 INFO [ckpt] æœ€ç»ˆæ¨¡åž‹å·²ä¿å­˜ -> model/model.cpt.npy
2025-11-12 15:08:57,084 INFO [init] start from fresh weights
2025-11-12 15:09:07,447 INFO [train] games=100/50000  winrate=0.920  w/l/d=92/6/2  speed=9.6 games/s  eps=0.050
2025-11-12 15:09:18,137 INFO [train] games=200/50000  winrate=0.900  w/l/d=90/8/2  speed=9.4 games/s  eps=0.050
2025-11-12 15:09:28,520 INFO [train] games=300/50000  winrate=0.840  w/l/d=84/15/1  speed=9.6 games/s  eps=0.050
2025-11-12 15:09:39,712 INFO [train] games=400/50000  winrate=0.910  w/l/d=91/8/1  speed=8.9 games/s  eps=0.050
2025-11-12 15:09:50,533 INFO [train] games=500/50000  winrate=0.930  w/l/d=93/7/0  speed=9.2 games/s  eps=0.050
2025-11-12 15:10:00,899 INFO [train] games=600/50000  winrate=0.710  w/l/d=71/29/0  speed=9.6 games/s  eps=0.050
2025-11-12 15:10:11,861 INFO [train] games=700/50000  winrate=0.840  w/l/d=84/16/0  speed=9.1 games/s  eps=0.050
2025-11-12 15:10:22,425 INFO [train] games=800/50000  winrate=0.730  w/l/d=73/23/4  speed=9.5 games/s  eps=0.050
2025-11-12 15:10:32,598 INFO [train] games=900/50000  winrate=0.700  w/l/d=70/27/3  speed=9.8 games/s  eps=0.050
2025-11-12 15:10:42,503 INFO [train] games=1000/50000  winrate=0.840  w/l/d=84/14/2  speed=10.1 games/s  eps=0.050
2025-11-12 15:10:52,287 INFO [train] games=1100/50000  winrate=0.610  w/l/d=61/32/7  speed=10.2 games/s  eps=0.050
2025-11-12 15:11:01,715 INFO [train] games=1200/50000  winrate=0.360  w/l/d=36/61/3  speed=10.6 games/s  eps=0.050
2025-11-12 15:11:11,772 INFO [train] games=1300/50000  winrate=0.420  w/l/d=42/56/2  speed=9.9 games/s  eps=0.050
2025-11-12 15:11:21,864 INFO [train] games=1400/50000  winrate=0.760  w/l/d=76/21/3  speed=9.9 games/s  eps=0.050
2025-11-12 15:11:31,752 INFO [train] games=1500/50000  winrate=0.400  w/l/d=40/57/3  speed=10.1 games/s  eps=0.050
2025-11-12 15:11:40,952 INFO [train] games=1600/50000  winrate=0.390  w/l/d=39/59/2  speed=10.9 games/s  eps=0.050
2025-11-12 15:11:50,886 INFO [train] games=1700/50000  winrate=0.150  w/l/d=15/83/2  speed=10.1 games/s  eps=0.050
2025-11-12 15:12:01,605 INFO [train] games=1800/50000  winrate=0.080  w/l/d=8/91/1  speed=9.3 games/s  eps=0.050
2025-11-12 15:12:11,640 INFO [train] games=1900/50000  winrate=0.430  w/l/d=43/57/0  speed=10.0 games/s  eps=0.050
2025-11-12 15:12:21,238 INFO [train] games=2000/50000  winrate=0.660  w/l/d=66/32/2  speed=10.4 games/s  eps=0.050
2025-11-12 15:12:30,724 INFO [train] games=2100/50000  winrate=0.420  w/l/d=42/54/4  speed=10.5 games/s  eps=0.050
2025-11-12 15:12:40,729 INFO [train] games=2200/50000  winrate=0.340  w/l/d=34/65/1  speed=10.0 games/s  eps=0.050
2025-11-12 15:12:50,688 INFO [train] games=2300/50000  winrate=0.460  w/l/d=46/50/4  speed=10.0 games/s  eps=0.050
2025-11-12 15:13:00,092 INFO [train] games=2400/50000  winrate=0.490  w/l/d=49/51/0  speed=10.6 games/s  eps=0.050
2025-11-12 15:17:24,317 INFO [stop-check] games=2500, winrate=0.995, target=0.99999
2025-11-12 15:17:24,318 INFO [train] games=2500/50000  winrate=0.720  w/l/d=72/27/1  speed=0.4 games/s  eps=0.050
2025-11-12 15:22:08,366 INFO [eval] games=200  winrate=0.990 95%CI=[0.964,0.997]  w/l/d=198/1/1 (eval_depth=3, eval_width=6)
2025-11-12 15:22:18,557 INFO [train] games=2600/50000  winrate=0.830  w/l/d=83/14/3  speed=0.3 games/s  eps=0.050
2025-11-12 15:22:29,841 INFO [train] games=2700/50000  winrate=0.740  w/l/d=74/25/1  speed=8.9 games/s  eps=0.050
2025-11-12 15:22:40,685 INFO [train] games=2800/50000  winrate=0.520  w/l/d=52/44/4  speed=9.2 games/s  eps=0.050
2025-11-12 15:22:51,648 INFO [train] games=2900/50000  winrate=0.520  w/l/d=52/47/1  speed=9.1 games/s  eps=0.050
2025-11-12 15:23:02,385 INFO [train] games=3000/50000  winrate=0.440  w/l/d=44/54/2  speed=9.3 games/s  eps=0.050
2025-11-12 15:23:12,908 INFO [train] games=3100/50000  winrate=0.500  w/l/d=50/50/0  speed=9.5 games/s  eps=0.050
2025-11-12 15:23:23,600 INFO [train] games=3200/50000  winrate=0.220  w/l/d=22/77/1  speed=9.4 games/s  eps=0.050
2025-11-12 15:23:33,880 INFO [train] games=3300/50000  winrate=0.150  w/l/d=15/82/3  speed=9.7 games/s  eps=0.050
2025-11-12 15:23:44,159 INFO [train] games=3400/50000  winrate=0.520  w/l/d=52/46/2  speed=9.7 games/s  eps=0.050
2025-11-12 15:23:52,855 INFO [train] games=3500/50000  winrate=0.290  w/l/d=29/70/1  speed=11.5 games/s  eps=0.050
2025-11-12 15:24:02,043 INFO [train] games=3600/50000  winrate=0.410  w/l/d=41/58/1  speed=10.9 games/s  eps=0.050
2025-11-12 15:24:13,576 INFO [train] games=3700/50000  winrate=0.240  w/l/d=24/74/2  speed=8.7 games/s  eps=0.050
2025-11-12 15:24:24,009 INFO [train] games=3800/50000  winrate=0.570  w/l/d=57/42/1  speed=9.6 games/s  eps=0.050
2025-11-12 15:24:33,653 INFO [train] games=3900/50000  winrate=0.490  w/l/d=49/51/0  speed=10.4 games/s  eps=0.050
2025-11-12 15:24:43,781 INFO [train] games=4000/50000  winrate=0.430  w/l/d=43/53/4  speed=9.9 games/s  eps=0.050
2025-11-12 15:24:54,301 INFO [train] games=4100/50000  winrate=0.510  w/l/d=51/48/1  speed=9.5 games/s  eps=0.050
2025-11-12 15:25:04,868 INFO [train] games=4200/50000  winrate=0.230  w/l/d=23/74/3  speed=9.5 games/s  eps=0.050
2025-11-12 15:25:15,524 INFO [train] games=4300/50000  winrate=0.340  w/l/d=34/64/2  speed=9.4 games/s  eps=0.050
2025-11-12 15:25:26,053 INFO [train] games=4400/50000  winrate=0.420  w/l/d=42/52/6  speed=9.5 games/s  eps=0.050
2025-11-12 15:25:35,924 INFO [train] games=4500/50000  winrate=0.470  w/l/d=47/49/4  speed=10.1 games/s  eps=0.050
2025-11-12 15:25:46,583 INFO [train] games=4600/50000  winrate=0.370  w/l/d=37/63/0  speed=9.4 games/s  eps=0.050
2025-11-12 15:25:57,825 INFO [train] games=4700/50000  winrate=0.380  w/l/d=38/61/1  speed=8.9 games/s  eps=0.050
2025-11-12 15:26:08,337 INFO [train] games=4800/50000  winrate=0.420  w/l/d=42/56/2  speed=9.5 games/s  eps=0.050
2025-11-12 15:26:20,071 INFO [train] games=4900/50000  winrate=0.360  w/l/d=36/62/2  speed=8.5 games/s  eps=0.050
2025-11-12 15:31:44,470 INFO [stop-check] games=5000, winrate=0.990, target=0.99999
2025-11-12 15:31:44,471 INFO [train] games=5000/50000  winrate=0.750  w/l/d=75/24/1  speed=0.3 games/s  eps=0.050
2025-11-12 15:36:41,783 INFO [eval] games=200  winrate=1.000 95%CI=[0.981,1.000]  w/l/d=200/0/0 (eval_depth=3, eval_width=6)
2025-11-12 15:36:41,784 INFO [ckpt] saved -> model\model_ep5000.cpt.npy (and updated model.cpt.npy)
2025-11-12 15:36:52,077 INFO [train] games=5100/50000  winrate=0.490  w/l/d=49/50/1  speed=0.3 games/s  eps=0.050
2025-11-12 15:37:02,119 INFO [train] games=5200/50000  winrate=0.150  w/l/d=15/84/1  speed=10.0 games/s  eps=0.050
2025-11-12 15:37:11,555 INFO [train] games=5300/50000  winrate=0.180  w/l/d=18/79/3  speed=10.6 games/s  eps=0.050
2025-11-12 15:37:20,975 INFO [train] games=5400/50000  winrate=0.360  w/l/d=36/64/0  speed=10.6 games/s  eps=0.050
2025-11-12 15:37:29,778 INFO [train] games=5500/50000  winrate=0.440  w/l/d=44/52/4  speed=11.4 games/s  eps=0.050
2025-11-12 15:37:38,545 INFO [train] games=5600/50000  winrate=0.430  w/l/d=43/54/3  speed=11.4 games/s  eps=0.050
2025-11-12 15:37:48,247 INFO [train] games=5700/50000  winrate=0.640  w/l/d=64/35/1  speed=10.3 games/s  eps=0.050
2025-11-12 15:37:57,013 INFO [train] games=5800/50000  winrate=0.260  w/l/d=26/72/2  speed=11.4 games/s  eps=0.050
2025-11-12 15:38:06,150 INFO [train] games=5900/50000  winrate=0.140  w/l/d=14/86/0  speed=10.9 games/s  eps=0.050
2025-11-12 15:38:15,747 INFO [train] games=6000/50000  winrate=0.250  w/l/d=25/73/2  speed=10.4 games/s  eps=0.050
2025-11-12 15:38:24,947 INFO [train] games=6100/50000  winrate=0.610  w/l/d=61/36/3  speed=10.9 games/s  eps=0.050
2025-11-12 15:38:35,005 INFO [train] games=6200/50000  winrate=0.790  w/l/d=79/20/1  speed=9.9 games/s  eps=0.050
2025-11-12 15:38:44,024 INFO [train] games=6300/50000  winrate=0.660  w/l/d=66/31/3  speed=11.1 games/s  eps=0.050
2025-11-12 15:38:53,115 INFO [train] games=6400/50000  winrate=0.640  w/l/d=64/36/0  speed=11.0 games/s  eps=0.050
2025-11-12 15:39:02,985 INFO [train] games=6500/50000  winrate=0.540  w/l/d=54/46/0  speed=10.1 games/s  eps=0.050
2025-11-12 15:39:12,964 INFO [train] games=6600/50000  winrate=0.420  w/l/d=42/55/3  speed=10.0 games/s  eps=0.050
2025-11-12 15:39:22,207 INFO [train] games=6700/50000  winrate=0.470  w/l/d=47/53/0  speed=10.8 games/s  eps=0.050
2025-11-12 15:39:30,909 INFO [train] games=6800/50000  winrate=0.390  w/l/d=39/61/0  speed=11.5 games/s  eps=0.050
2025-11-12 15:39:40,200 INFO [train] games=6900/50000  winrate=0.430  w/l/d=43/52/5  speed=10.8 games/s  eps=0.050
2025-11-12 15:39:50,295 INFO [train] games=7000/50000  winrate=0.410  w/l/d=41/59/0  speed=9.9 games/s  eps=0.050
2025-11-12 15:39:59,563 INFO [train] games=7100/50000  winrate=0.300  w/l/d=30/67/3  speed=10.8 games/s  eps=0.050
2025-11-12 15:40:09,538 INFO [train] games=7200/50000  winrate=0.590  w/l/d=59/41/0  speed=10.0 games/s  eps=0.050
2025-11-12 15:40:19,079 INFO [train] games=7300/50000  winrate=0.500  w/l/d=50/48/2  speed=10.5 games/s  eps=0.050
2025-11-12 15:40:28,660 INFO [train] games=7400/50000  winrate=0.690  w/l/d=69/30/1  speed=10.4 games/s  eps=0.050
2025-11-12 15:45:58,167 INFO [init] start from fresh weights
2025-11-12 15:46:22,186 INFO [init] start from fresh weights
2025-11-12 15:46:33,324 INFO [train] games=100/50000  winrate=0.810  w/l/d=81/17/2  speed=9.0 games/s  eps=0.050
2025-11-12 15:46:44,290 INFO [train] games=200/50000  winrate=0.910  w/l/d=91/9/0  speed=9.1 games/s  eps=0.050
2025-11-12 15:46:54,979 INFO [train] games=300/50000  winrate=0.870  w/l/d=87/13/0  speed=9.4 games/s  eps=0.050
2025-11-12 15:47:05,843 INFO [train] games=400/50000  winrate=0.700  w/l/d=70/30/0  speed=9.2 games/s  eps=0.050
2025-11-12 15:47:16,804 INFO [train] games=500/50000  winrate=0.760  w/l/d=76/20/4  speed=9.1 games/s  eps=0.050
2025-11-12 15:47:28,344 INFO [train] games=600/50000  winrate=0.620  w/l/d=62/37/1  speed=8.7 games/s  eps=0.050
2025-11-12 15:47:38,982 INFO [train] games=700/50000  winrate=0.680  w/l/d=68/30/2  speed=9.4 games/s  eps=0.050
2025-11-12 15:47:49,264 INFO [train] games=800/50000  winrate=0.570  w/l/d=57/42/1  speed=9.7 games/s  eps=0.050
2025-11-12 15:47:58,514 INFO [train] games=900/50000  winrate=0.280  w/l/d=28/69/3  speed=10.8 games/s  eps=0.050
2025-11-12 15:48:08,206 INFO [train] games=1000/50000  winrate=0.230  w/l/d=23/74/3  speed=10.3 games/s  eps=0.050
2025-11-12 15:48:17,726 INFO [train] games=1100/50000  winrate=0.270  w/l/d=27/71/2  speed=10.5 games/s  eps=0.050
2025-11-12 15:48:28,505 INFO [train] games=1200/50000  winrate=0.800  w/l/d=80/19/1  speed=9.3 games/s  eps=0.050
2025-11-12 15:48:38,709 INFO [train] games=1300/50000  winrate=0.620  w/l/d=62/36/2  speed=9.8 games/s  eps=0.050
2025-11-12 15:48:48,745 INFO [train] games=1400/50000  winrate=0.260  w/l/d=26/73/1  speed=10.0 games/s  eps=0.050
2025-11-12 15:48:58,566 INFO [train] games=1500/50000  winrate=0.600  w/l/d=60/37/3  speed=10.2 games/s  eps=0.050
2025-11-12 15:49:08,468 INFO [train] games=1600/50000  winrate=0.870  w/l/d=87/11/2  speed=10.1 games/s  eps=0.050
2025-11-12 15:49:18,864 INFO [train] games=1700/50000  winrate=0.760  w/l/d=76/23/1  speed=9.6 games/s  eps=0.050
2025-11-12 15:49:29,121 INFO [train] games=1800/50000  winrate=0.910  w/l/d=91/9/0  speed=9.7 games/s  eps=0.050
2025-11-12 15:49:38,739 INFO [train] games=1900/50000  winrate=0.830  w/l/d=83/17/0  speed=10.4 games/s  eps=0.050
2025-11-12 15:49:48,666 INFO [train] games=2000/50000  winrate=0.640  w/l/d=64/36/0  speed=10.1 games/s  eps=0.050
2025-11-12 15:49:58,407 INFO [train] games=2100/50000  winrate=0.730  w/l/d=73/24/3  speed=10.3 games/s  eps=0.050
2025-11-12 15:50:08,368 INFO [train] games=2200/50000  winrate=0.620  w/l/d=62/34/4  speed=10.0 games/s  eps=0.050
2025-11-12 15:50:18,244 INFO [train] games=2300/50000  winrate=0.680  w/l/d=68/28/4  speed=10.1 games/s  eps=0.050
2025-11-12 15:50:27,843 INFO [train] games=2400/50000  winrate=0.440  w/l/d=44/54/2  speed=10.4 games/s  eps=0.050
2025-11-12 15:50:37,665 INFO [train] games=2500/50000  winrate=0.440  w/l/d=44/54/2  speed=10.2 games/s  eps=0.050
2025-11-12 15:54:23,016 INFO [eval] games=200  winrate=0.995 95%CI=[0.972,0.999]  w/l/d=199/1/0 (eval_depth=3, eval_width=6)
2025-11-12 15:54:32,069 INFO [train] games=2600/50000  winrate=0.480  w/l/d=48/52/0  speed=0.4 games/s  eps=0.050
2025-11-12 15:54:41,532 INFO [train] games=2700/50000  winrate=0.410  w/l/d=41/55/4  speed=10.6 games/s  eps=0.050
2025-11-12 15:54:50,149 INFO [train] games=2800/50000  winrate=0.160  w/l/d=16/84/0  speed=11.6 games/s  eps=0.050
2025-11-12 15:54:59,128 INFO [train] games=2900/50000  winrate=0.260  w/l/d=26/71/3  speed=11.1 games/s  eps=0.050
2025-11-12 15:55:08,450 INFO [train] games=3000/50000  winrate=0.520  w/l/d=52/47/1  speed=10.7 games/s  eps=0.050
2025-11-12 15:55:17,318 INFO [train] games=3100/50000  winrate=0.470  w/l/d=47/51/2  speed=11.3 games/s  eps=0.050
2025-11-12 15:55:26,777 INFO [train] games=3200/50000  winrate=0.290  w/l/d=29/68/3  speed=10.6 games/s  eps=0.050
2025-11-12 15:55:35,456 INFO [train] games=3300/50000  winrate=0.130  w/l/d=13/87/0  speed=11.5 games/s  eps=0.050
2025-11-12 15:55:44,789 INFO [train] games=3400/50000  winrate=0.150  w/l/d=15/83/2  speed=10.7 games/s  eps=0.050
2025-11-12 15:55:54,660 INFO [train] games=3500/50000  winrate=0.180  w/l/d=18/81/1  speed=10.1 games/s  eps=0.050
2025-11-12 15:56:04,544 INFO [train] games=3600/50000  winrate=0.210  w/l/d=21/78/1  speed=10.1 games/s  eps=0.050
2025-11-12 15:56:13,261 INFO [train] games=3700/50000  winrate=0.100  w/l/d=10/89/1  speed=11.5 games/s  eps=0.050
2025-11-12 15:56:23,784 INFO [train] games=3800/50000  winrate=0.200  w/l/d=20/78/2  speed=9.5 games/s  eps=0.050
2025-11-12 15:56:34,340 INFO [train] games=3900/50000  winrate=0.190  w/l/d=19/79/2  speed=9.5 games/s  eps=0.050
2025-11-12 15:56:43,920 INFO [train] games=4000/50000  winrate=0.130  w/l/d=13/85/2  speed=10.4 games/s  eps=0.050
2025-11-12 15:56:54,107 INFO [train] games=4100/50000  winrate=0.300  w/l/d=30/69/1  speed=9.8 games/s  eps=0.050
2025-11-12 15:57:04,276 INFO [train] games=4200/50000  winrate=0.430  w/l/d=43/57/0  speed=9.8 games/s  eps=0.050
2025-11-12 15:57:13,657 INFO [train] games=4300/50000  winrate=0.240  w/l/d=24/76/0  speed=10.7 games/s  eps=0.050
2025-11-12 15:57:23,049 INFO [train] games=4400/50000  winrate=0.170  w/l/d=17/82/1  speed=10.6 games/s  eps=0.050
2025-11-12 15:57:32,336 INFO [train] games=4500/50000  winrate=0.440  w/l/d=44/53/3  speed=10.8 games/s  eps=0.050
2025-11-12 15:57:41,370 INFO [train] games=4600/50000  winrate=0.220  w/l/d=22/76/2  speed=11.1 games/s  eps=0.050
2025-11-12 15:57:50,220 INFO [train] games=4700/50000  winrate=0.130  w/l/d=13/86/1  speed=11.3 games/s  eps=0.050
2025-11-12 15:58:00,730 INFO [train] games=4800/50000  winrate=0.320  w/l/d=32/66/2  speed=9.5 games/s  eps=0.050
2025-11-12 15:58:10,298 INFO [train] games=4900/50000  winrate=0.230  w/l/d=23/74/3  speed=10.5 games/s  eps=0.050
2025-11-12 15:58:19,568 INFO [train] games=5000/50000  winrate=0.400  w/l/d=40/57/3  speed=10.8 games/s  eps=0.050
2025-11-12 16:02:40,956 INFO [eval] games=200  winrate=0.995 95%CI=[0.972,0.999]  w/l/d=199/0/1 (eval_depth=3, eval_width=6)
2025-11-12 16:02:40,957 INFO [ckpt] saved -> model\model_ep5000.cpt.npy (and updated model.cpt.npy)
2025-11-12 16:02:51,054 INFO [train] games=5100/50000  winrate=0.490  w/l/d=49/50/1  speed=0.4 games/s  eps=0.050
2025-11-12 16:03:00,482 INFO [train] games=5200/50000  winrate=0.260  w/l/d=26/71/3  speed=10.6 games/s  eps=0.050
2025-11-12 16:03:10,496 INFO [train] games=5300/50000  winrate=0.330  w/l/d=33/65/2  speed=10.0 games/s  eps=0.050
2025-11-12 16:03:20,446 INFO [train] games=5400/50000  winrate=0.400  w/l/d=40/58/2  speed=10.1 games/s  eps=0.050
2025-11-12 16:03:30,069 INFO [train] games=5500/50000  winrate=0.530  w/l/d=53/44/3  speed=10.4 games/s  eps=0.050
2025-11-12 16:03:39,971 INFO [train] games=5600/50000  winrate=0.370  w/l/d=37/61/2  speed=10.1 games/s  eps=0.050
2025-11-12 16:03:49,440 INFO [train] games=5700/50000  winrate=0.390  w/l/d=39/55/6  speed=10.6 games/s  eps=0.050
2025-11-12 16:03:59,349 INFO [train] games=5800/50000  winrate=0.630  w/l/d=63/35/2  speed=10.1 games/s  eps=0.050
2025-11-12 16:04:09,393 INFO [train] games=5900/50000  winrate=0.890  w/l/d=89/10/1  speed=10.0 games/s  eps=0.050
2025-11-12 16:04:18,545 INFO [train] games=6000/50000  winrate=0.850  w/l/d=85/14/1  speed=10.9 games/s  eps=0.050
2025-11-12 16:04:27,386 INFO [train] games=6100/50000  winrate=0.840  w/l/d=84/15/1  speed=11.3 games/s  eps=0.050
2025-11-12 16:04:36,369 INFO [train] games=6200/50000  winrate=0.620  w/l/d=62/38/0  speed=11.1 games/s  eps=0.050
2025-11-12 16:04:45,407 INFO [train] games=6300/50000  winrate=0.230  w/l/d=23/76/1  speed=11.1 games/s  eps=0.050
2025-11-12 16:04:55,974 INFO [train] games=6400/50000  winrate=0.200  w/l/d=20/78/2  speed=9.5 games/s  eps=0.050
2025-11-12 16:05:06,159 INFO [train] games=6500/50000  winrate=0.290  w/l/d=29/67/4  speed=9.8 games/s  eps=0.050
2025-11-12 16:05:15,512 INFO [train] games=6600/50000  winrate=0.380  w/l/d=38/60/2  speed=10.7 games/s  eps=0.050
2025-11-12 16:05:25,550 INFO [train] games=6700/50000  winrate=0.680  w/l/d=68/29/3  speed=10.0 games/s  eps=0.050
2025-11-12 16:05:35,298 INFO [train] games=6800/50000  winrate=0.570  w/l/d=57/42/1  speed=10.3 games/s  eps=0.050
2025-11-12 16:05:44,310 INFO [train] games=6900/50000  winrate=0.600  w/l/d=60/40/0  speed=11.1 games/s  eps=0.050
2025-11-12 16:05:53,682 INFO [train] games=7000/50000  winrate=0.330  w/l/d=33/67/0  speed=10.7 games/s  eps=0.050
2025-11-12 16:06:02,944 INFO [train] games=7100/50000  winrate=0.250  w/l/d=25/74/1  speed=10.8 games/s  eps=0.050
2025-11-12 16:06:11,911 INFO [train] games=7200/50000  winrate=0.360  w/l/d=36/61/3  speed=11.2 games/s  eps=0.050
2025-11-12 16:06:21,992 INFO [train] games=7300/50000  winrate=0.360  w/l/d=36/62/2  speed=9.9 games/s  eps=0.050
2025-11-12 16:06:31,090 INFO [train] games=7400/50000  winrate=0.450  w/l/d=45/55/0  speed=11.0 games/s  eps=0.050
2025-11-12 16:06:40,189 INFO [train] games=7500/50000  winrate=0.330  w/l/d=33/64/3  speed=11.0 games/s  eps=0.050
2025-11-12 16:10:57,358 INFO [eval] games=200  winrate=0.995 95%CI=[0.972,0.999]  w/l/d=199/1/0 (eval_depth=3, eval_width=6)
2025-11-12 16:11:06,793 INFO [train] games=7600/50000  winrate=0.460  w/l/d=46/54/0  speed=0.4 games/s  eps=0.050
2025-11-12 16:11:16,715 INFO [train] games=7700/50000  winrate=0.450  w/l/d=45/54/1  speed=10.1 games/s  eps=0.050
2025-11-12 16:11:26,624 INFO [train] games=7800/50000  winrate=0.670  w/l/d=67/32/1  speed=10.1 games/s  eps=0.050
2025-11-12 16:11:36,900 INFO [train] games=7900/50000  winrate=0.360  w/l/d=36/63/1  speed=9.7 games/s  eps=0.050
2025-11-12 16:11:47,943 INFO [train] games=8000/50000  winrate=0.160  w/l/d=16/83/1  speed=9.1 games/s  eps=0.050
2025-11-12 16:11:58,235 INFO [train] games=8100/50000  winrate=0.160  w/l/d=16/81/3  speed=9.7 games/s  eps=0.050
2025-11-12 16:12:08,248 INFO [train] games=8200/50000  winrate=0.200  w/l/d=20/80/0  speed=10.0 games/s  eps=0.050
2025-11-12 16:12:18,647 INFO [train] games=8300/50000  winrate=0.520  w/l/d=52/46/2  speed=9.6 games/s  eps=0.050
2025-11-12 16:12:28,267 INFO [train] games=8400/50000  winrate=0.460  w/l/d=46/52/2  speed=10.4 games/s  eps=0.050
2025-11-12 16:12:38,281 INFO [train] games=8500/50000  winrate=0.530  w/l/d=53/47/0  speed=10.0 games/s  eps=0.050
2025-11-12 16:12:48,539 INFO [train] games=8600/50000  winrate=0.480  w/l/d=48/51/1  speed=9.7 games/s  eps=0.050
2025-11-12 16:12:57,732 INFO [train] games=8700/50000  winrate=0.630  w/l/d=63/35/2  speed=10.9 games/s  eps=0.050
2025-11-12 16:13:06,498 INFO [train] games=8800/50000  winrate=0.670  w/l/d=67/33/0  speed=11.4 games/s  eps=0.050
2025-11-12 16:13:15,823 INFO [train] games=8900/50000  winrate=0.610  w/l/d=61/36/3  speed=10.7 games/s  eps=0.050
2025-11-12 16:13:24,708 INFO [train] games=9000/50000  winrate=0.400  w/l/d=40/58/2  speed=11.3 games/s  eps=0.050
2025-11-12 16:13:33,633 INFO [train] games=9100/50000  winrate=0.340  w/l/d=34/64/2  speed=11.2 games/s  eps=0.050
2025-11-12 16:13:42,744 INFO [train] games=9200/50000  winrate=0.340  w/l/d=34/63/3  speed=11.0 games/s  eps=0.050
2025-11-12 16:13:51,189 INFO [train] games=9300/50000  winrate=0.400  w/l/d=40/59/1  speed=11.8 games/s  eps=0.050
2025-11-12 16:14:00,348 INFO [train] games=9400/50000  winrate=0.360  w/l/d=36/62/2  speed=10.9 games/s  eps=0.050
2025-11-12 16:14:10,337 INFO [train] games=9500/50000  winrate=0.080  w/l/d=8/91/1  speed=10.0 games/s  eps=0.050
2025-11-12 16:14:18,963 INFO [train] games=9600/50000  winrate=0.200  w/l/d=20/78/2  speed=11.6 games/s  eps=0.050
2025-11-12 16:14:27,688 INFO [train] games=9700/50000  winrate=0.070  w/l/d=7/92/1  speed=11.5 games/s  eps=0.050
2025-11-12 16:14:36,991 INFO [train] games=9800/50000  winrate=0.220  w/l/d=22/78/0  speed=10.7 games/s  eps=0.050
2025-11-12 16:14:46,120 INFO [train] games=9900/50000  winrate=0.380  w/l/d=38/62/0  speed=11.0 games/s  eps=0.050
2025-11-12 16:14:56,279 INFO [train] games=10000/50000  winrate=0.540  w/l/d=54/43/3  speed=9.8 games/s  eps=0.050
2025-11-12 16:19:10,556 INFO [eval] games=200  winrate=0.985 95%CI=[0.957,0.995]  w/l/d=197/2/1 (eval_depth=3, eval_width=6)
2025-11-12 16:19:10,557 INFO [ckpt] saved -> model\model_ep10000.cpt.npy (and updated model.cpt.npy)
2025-11-12 16:19:20,711 INFO [train] games=10100/50000  winrate=0.290  w/l/d=29/70/1  speed=0.4 games/s  eps=0.050
2025-11-12 16:19:30,527 INFO [train] games=10200/50000  winrate=0.260  w/l/d=26/74/0  speed=10.2 games/s  eps=0.050
2025-11-12 16:19:39,972 INFO [train] games=10300/50000  winrate=0.250  w/l/d=25/73/2  speed=10.6 games/s  eps=0.050
2025-11-12 16:19:49,746 INFO [train] games=10400/50000  winrate=0.480  w/l/d=48/51/1  speed=10.2 games/s  eps=0.050
2025-11-12 16:19:59,718 INFO [train] games=10500/50000  winrate=0.350  w/l/d=35/63/2  speed=10.0 games/s  eps=0.050
2025-11-12 16:20:09,372 INFO [train] games=10600/50000  winrate=0.280  w/l/d=28/66/6  speed=10.4 games/s  eps=0.050
2025-11-12 16:20:18,633 INFO [train] games=10700/50000  winrate=0.390  w/l/d=39/58/3  speed=10.8 games/s  eps=0.050
2025-11-12 16:20:27,890 INFO [train] games=10800/50000  winrate=0.270  w/l/d=27/71/2  speed=10.8 games/s  eps=0.050
2025-11-12 16:20:36,419 INFO [train] games=10900/50000  winrate=0.260  w/l/d=26/72/2  speed=11.7 games/s  eps=0.050
2025-11-12 16:20:45,631 INFO [train] games=11000/50000  winrate=0.140  w/l/d=14/85/1  speed=10.9 games/s  eps=0.050
2025-11-12 16:20:54,984 INFO [train] games=11100/50000  winrate=0.330  w/l/d=33/64/3  speed=10.7 games/s  eps=0.050
2025-11-12 16:21:05,046 INFO [train] games=11200/50000  winrate=0.630  w/l/d=63/34/3  speed=9.9 games/s  eps=0.050
2025-11-12 16:21:14,712 INFO [train] games=11300/50000  winrate=0.620  w/l/d=62/36/2  speed=10.3 games/s  eps=0.050
2025-11-12 16:21:24,540 INFO [train] games=11400/50000  winrate=0.360  w/l/d=36/62/2  speed=10.2 games/s  eps=0.050
2025-11-12 16:21:34,011 INFO [train] games=11500/50000  winrate=0.560  w/l/d=56/42/2  speed=10.6 games/s  eps=0.050
2025-11-12 16:21:43,818 INFO [train] games=11600/50000  winrate=0.560  w/l/d=56/43/1  speed=10.2 games/s  eps=0.050
2025-11-12 16:21:54,012 INFO [train] games=11700/50000  winrate=0.400  w/l/d=40/59/1  speed=9.8 games/s  eps=0.050
2025-11-12 16:22:03,566 INFO [train] games=11800/50000  winrate=0.410  w/l/d=41/58/1  speed=10.5 games/s  eps=0.050
2025-11-12 16:22:12,985 INFO [train] games=11900/50000  winrate=0.290  w/l/d=29/69/2  speed=10.6 games/s  eps=0.050
2025-11-12 16:22:23,042 INFO [train] games=12000/50000  winrate=0.290  w/l/d=29/70/1  speed=9.9 games/s  eps=0.050
2025-11-12 16:22:33,322 INFO [train] games=12100/50000  winrate=0.270  w/l/d=27/72/1  speed=9.7 games/s  eps=0.050
2025-11-12 16:22:43,292 INFO [train] games=12200/50000  winrate=0.120  w/l/d=12/88/0  speed=10.0 games/s  eps=0.050
2025-11-12 16:22:52,317 INFO [train] games=12300/50000  winrate=0.240  w/l/d=24/74/2  speed=11.1 games/s  eps=0.050
2025-11-12 16:23:01,321 INFO [train] games=12400/50000  winrate=0.230  w/l/d=23/74/3  speed=11.1 games/s  eps=0.050
2025-11-12 16:23:09,994 INFO [train] games=12500/50000  winrate=0.220  w/l/d=22/76/2  speed=11.5 games/s  eps=0.050
2025-11-12 16:27:03,502 INFO [eval] games=200  winrate=1.000 95%CI=[0.981,1.000]  w/l/d=200/0/0 (eval_depth=3, eval_width=6)
2025-11-12 16:27:13,184 INFO [train] games=12600/50000  winrate=0.250  w/l/d=25/71/4  speed=0.4 games/s  eps=0.050
2025-11-12 16:27:22,646 INFO [train] games=12700/50000  winrate=0.230  w/l/d=23/75/2  speed=10.6 games/s  eps=0.050
2025-11-12 16:27:32,310 INFO [train] games=12800/50000  winrate=0.580  w/l/d=58/42/0  speed=10.3 games/s  eps=0.050
2025-11-12 16:27:42,111 INFO [train] games=12900/50000  winrate=0.320  w/l/d=32/65/3  speed=10.2 games/s  eps=0.050
2025-11-12 16:27:51,664 INFO [train] games=13000/50000  winrate=0.280  w/l/d=28/71/1  speed=10.5 games/s  eps=0.050
2025-11-12 16:28:01,408 INFO [train] games=13100/50000  winrate=0.450  w/l/d=45/53/2  speed=10.3 games/s  eps=0.050
2025-11-12 16:28:11,396 INFO [train] games=13200/50000  winrate=0.380  w/l/d=38/58/4  speed=10.0 games/s  eps=0.050
2025-11-12 16:28:21,329 INFO [train] games=13300/50000  winrate=0.310  w/l/d=31/67/2  speed=10.1 games/s  eps=0.050
2025-11-12 16:28:30,609 INFO [train] games=13400/50000  winrate=0.480  w/l/d=48/52/0  speed=10.8 games/s  eps=0.050
2025-11-12 16:28:40,484 INFO [train] games=13500/50000  winrate=0.650  w/l/d=65/32/3  speed=10.1 games/s  eps=0.050
2025-11-12 16:28:51,083 INFO [train] games=13600/50000  winrate=0.460  w/l/d=46/51/3  speed=9.4 games/s  eps=0.050
2025-11-12 16:29:01,692 INFO [train] games=13700/50000  winrate=0.650  w/l/d=65/34/1  speed=9.4 games/s  eps=0.050
2025-11-12 16:29:11,087 INFO [train] games=13800/50000  winrate=0.390  w/l/d=39/59/2  speed=10.6 games/s  eps=0.050
2025-11-12 16:29:20,097 INFO [train] games=13900/50000  winrate=0.300  w/l/d=30/66/4  speed=11.1 games/s  eps=0.050
2025-11-12 16:29:31,212 INFO [train] games=14000/50000  winrate=0.670  w/l/d=67/30/3  speed=9.0 games/s  eps=0.050
2025-11-12 16:29:41,125 INFO [train] games=14100/50000  winrate=0.550  w/l/d=55/44/1  speed=10.1 games/s  eps=0.050
2025-11-12 16:29:50,589 INFO [train] games=14200/50000  winrate=0.360  w/l/d=36/61/3  speed=10.6 games/s  eps=0.050
2025-11-12 16:30:00,566 INFO [train] games=14300/50000  winrate=0.490  w/l/d=49/49/2  speed=10.0 games/s  eps=0.050
2025-11-12 16:30:10,618 INFO [train] games=14400/50000  winrate=0.460  w/l/d=46/52/2  speed=9.9 games/s  eps=0.050
2025-11-12 16:30:20,548 INFO [train] games=14500/50000  winrate=0.280  w/l/d=28/72/0  speed=10.1 games/s  eps=0.050
2025-11-12 16:30:30,255 INFO [train] games=14600/50000  winrate=0.130  w/l/d=13/86/1  speed=10.3 games/s  eps=0.050
2025-11-12 16:30:39,602 INFO [train] games=14700/50000  winrate=0.210  w/l/d=21/78/1  speed=10.7 games/s  eps=0.050
2025-11-12 16:30:48,961 INFO [train] games=14800/50000  winrate=0.280  w/l/d=28/71/1  speed=10.7 games/s  eps=0.050
2025-11-12 16:30:58,509 INFO [train] games=14900/50000  winrate=0.430  w/l/d=43/56/1  speed=10.5 games/s  eps=0.050
2025-11-12 16:31:08,114 INFO [train] games=15000/50000  winrate=0.290  w/l/d=29/68/3  speed=10.4 games/s  eps=0.050
2025-11-12 16:35:02,785 INFO [eval] games=200  winrate=0.995 95%CI=[0.972,0.999]  w/l/d=199/1/0 (eval_depth=3, eval_width=6)
2025-11-12 16:35:02,787 INFO [ckpt] saved -> model\model_ep15000.cpt.npy (and updated model.cpt.npy)
2025-11-12 16:35:11,730 INFO [train] games=15100/50000  winrate=0.320  w/l/d=32/67/1  speed=0.4 games/s  eps=0.050
2025-11-12 16:35:20,548 INFO [train] games=15200/50000  winrate=0.300  w/l/d=30/69/1  speed=11.3 games/s  eps=0.050
2025-11-12 16:35:29,344 INFO [train] games=15300/50000  winrate=0.450  w/l/d=45/54/1  speed=11.4 games/s  eps=0.050
2025-11-12 16:35:38,608 INFO [train] games=15400/50000  winrate=0.290  w/l/d=29/69/2  speed=10.8 games/s  eps=0.050
2025-11-12 16:35:47,670 INFO [train] games=15500/50000  winrate=0.290  w/l/d=29/70/1  speed=11.0 games/s  eps=0.050
2025-11-12 16:35:57,192 INFO [train] games=15600/50000  winrate=0.500  w/l/d=50/50/0  speed=10.5 games/s  eps=0.050
2025-11-12 16:36:07,893 INFO [train] games=15700/50000  winrate=0.590  w/l/d=59/38/3  speed=9.3 games/s  eps=0.050
2025-11-12 16:36:17,364 INFO [train] games=15800/50000  winrate=0.500  w/l/d=50/49/1  speed=10.6 games/s  eps=0.050
2025-11-12 16:36:27,655 INFO [train] games=15900/50000  winrate=0.500  w/l/d=50/49/1  speed=9.7 games/s  eps=0.050
2025-11-12 16:36:37,095 INFO [train] games=16000/50000  winrate=0.540  w/l/d=54/45/1  speed=10.6 games/s  eps=0.050
2025-11-12 16:36:47,090 INFO [train] games=16100/50000  winrate=0.510  w/l/d=51/46/3  speed=10.0 games/s  eps=0.050
2025-11-12 16:36:56,935 INFO [train] games=16200/50000  winrate=0.680  w/l/d=68/29/3  speed=10.2 games/s  eps=0.050
2025-11-12 16:37:07,339 INFO [train] games=16300/50000  winrate=0.710  w/l/d=71/28/1  speed=9.6 games/s  eps=0.050
2025-11-12 16:37:17,202 INFO [train] games=16400/50000  winrate=0.750  w/l/d=75/25/0  speed=10.1 games/s  eps=0.050
2025-11-12 16:37:27,713 INFO [train] games=16500/50000  winrate=0.590  w/l/d=59/41/0  speed=9.5 games/s  eps=0.050
2025-11-12 16:37:37,238 INFO [train] games=16600/50000  winrate=0.650  w/l/d=65/34/1  speed=10.5 games/s  eps=0.050
2025-11-12 16:37:47,848 INFO [train] games=16700/50000  winrate=0.720  w/l/d=72/28/0  speed=9.4 games/s  eps=0.050
2025-11-12 16:37:57,660 INFO [train] games=16800/50000  winrate=0.600  w/l/d=60/39/1  speed=10.2 games/s  eps=0.050
2025-11-12 16:38:07,713 INFO [train] games=16900/50000  winrate=0.630  w/l/d=63/37/0  speed=9.9 games/s  eps=0.050
2025-11-12 16:38:17,016 INFO [train] games=17000/50000  winrate=0.510  w/l/d=51/47/2  speed=10.7 games/s  eps=0.050
2025-11-12 16:38:26,620 INFO [train] games=17100/50000  winrate=0.470  w/l/d=47/52/1  speed=10.4 games/s  eps=0.050
2025-11-12 16:38:36,336 INFO [train] games=17200/50000  winrate=0.510  w/l/d=51/47/2  speed=10.3 games/s  eps=0.050
2025-11-12 16:38:45,774 INFO [train] games=17300/50000  winrate=0.650  w/l/d=65/35/0  speed=10.6 games/s  eps=0.050
2025-11-12 16:38:55,574 INFO [train] games=17400/50000  winrate=0.490  w/l/d=49/48/3  speed=10.2 games/s  eps=0.050
2025-11-12 16:39:06,376 INFO [train] games=17500/50000  winrate=0.450  w/l/d=45/54/1  speed=9.3 games/s  eps=0.050
2025-11-12 16:43:14,284 INFO [eval] games=200  winrate=1.000 95%CI=[0.981,1.000]  w/l/d=200/0/0 (eval_depth=3, eval_width=6)
2025-11-12 16:43:23,640 INFO [train] games=17600/50000  winrate=0.640  w/l/d=64/35/1  speed=0.4 games/s  eps=0.050
2025-11-12 16:43:33,356 INFO [train] games=17700/50000  winrate=0.440  w/l/d=44/53/3  speed=10.3 games/s  eps=0.050
2025-11-12 16:43:42,433 INFO [train] games=17800/50000  winrate=0.490  w/l/d=49/50/1  speed=11.0 games/s  eps=0.050
2025-11-12 16:43:51,526 INFO [train] games=17900/50000  winrate=0.590  w/l/d=59/40/1  speed=11.0 games/s  eps=0.050
2025-11-12 16:44:01,202 INFO [train] games=18000/50000  winrate=0.530  w/l/d=53/46/1  speed=10.3 games/s  eps=0.050
2025-11-12 16:44:10,596 INFO [train] games=18100/50000  winrate=0.590  w/l/d=59/40/1  speed=10.6 games/s  eps=0.050
2025-11-12 16:44:20,872 INFO [train] games=18200/50000  winrate=0.570  w/l/d=57/43/0  speed=9.7 games/s  eps=0.050
2025-11-12 16:44:30,570 INFO [train] games=18300/50000  winrate=0.590  w/l/d=59/40/1  speed=10.3 games/s  eps=0.050
2025-11-12 16:44:39,158 INFO [train] games=18400/50000  winrate=0.330  w/l/d=33/63/4  speed=11.6 games/s  eps=0.050
2025-11-12 16:44:48,937 INFO [train] games=18500/50000  winrate=0.420  w/l/d=42/56/2  speed=10.2 games/s  eps=0.050
2025-11-12 16:44:59,036 INFO [train] games=18600/50000  winrate=0.490  w/l/d=49/50/1  speed=9.9 games/s  eps=0.050
2025-11-12 16:45:08,537 INFO [train] games=18700/50000  winrate=0.520  w/l/d=52/46/2  speed=10.5 games/s  eps=0.050
2025-11-12 16:45:19,097 INFO [train] games=18800/50000  winrate=0.600  w/l/d=60/38/2  speed=9.5 games/s  eps=0.050
2025-11-12 16:45:28,525 INFO [train] games=18900/50000  winrate=0.400  w/l/d=40/59/1  speed=10.6 games/s  eps=0.050
2025-11-12 16:45:38,614 INFO [train] games=19000/50000  winrate=0.440  w/l/d=44/56/0  speed=9.9 games/s  eps=0.050
2025-11-12 16:45:48,915 INFO [train] games=19100/50000  winrate=0.560  w/l/d=56/41/3  speed=9.7 games/s  eps=0.050
2025-11-12 16:45:59,054 INFO [train] games=19200/50000  winrate=0.630  w/l/d=63/34/3  speed=9.9 games/s  eps=0.050
2025-11-12 16:46:08,637 INFO [train] games=19300/50000  winrate=0.550  w/l/d=55/45/0  speed=10.4 games/s  eps=0.050
2025-11-12 16:46:17,756 INFO [train] games=19400/50000  winrate=0.510  w/l/d=51/47/2  speed=11.0 games/s  eps=0.050
2025-11-12 16:46:27,989 INFO [train] games=19500/50000  winrate=0.660  w/l/d=66/32/2  speed=9.8 games/s  eps=0.050
2025-11-12 16:46:38,674 INFO [train] games=19600/50000  winrate=0.420  w/l/d=42/55/3  speed=9.4 games/s  eps=0.050
2025-11-12 16:46:47,943 INFO [train] games=19700/50000  winrate=0.390  w/l/d=39/59/2  speed=10.8 games/s  eps=0.050
2025-11-12 16:46:57,040 INFO [train] games=19800/50000  winrate=0.340  w/l/d=34/62/4  speed=11.0 games/s  eps=0.050
2025-11-12 16:47:06,816 INFO [train] games=19900/50000  winrate=0.330  w/l/d=33/62/5  speed=10.2 games/s  eps=0.050
2025-11-12 16:47:16,020 INFO [train] games=20000/50000  winrate=0.340  w/l/d=34/62/4  speed=10.9 games/s  eps=0.050
2025-11-12 16:51:14,671 INFO [eval] games=200  winrate=0.995 95%CI=[0.972,0.999]  w/l/d=199/0/1 (eval_depth=3, eval_width=6)
2025-11-12 16:51:14,672 INFO [ckpt] saved -> model\model_ep20000.cpt.npy (and updated model.cpt.npy)
2025-11-12 16:51:24,417 INFO [train] games=20100/50000  winrate=0.450  w/l/d=45/54/1  speed=0.4 games/s  eps=0.050
2025-11-12 16:51:33,666 INFO [train] games=20200/50000  winrate=0.480  w/l/d=48/52/0  speed=10.8 games/s  eps=0.050
2025-11-12 16:51:43,498 INFO [train] games=20300/50000  winrate=0.400  w/l/d=40/58/2  speed=10.2 games/s  eps=0.050
2025-11-12 16:51:52,916 INFO [train] games=20400/50000  winrate=0.330  w/l/d=33/65/2  speed=10.6 games/s  eps=0.050
2025-11-12 16:52:02,953 INFO [train] games=20500/50000  winrate=0.500  w/l/d=50/48/2  speed=10.0 games/s  eps=0.050
2025-11-12 16:52:13,175 INFO [train] games=20600/50000  winrate=0.350  w/l/d=35/64/1  speed=9.8 games/s  eps=0.050
2025-11-12 16:52:22,356 INFO [train] games=20700/50000  winrate=0.390  w/l/d=39/61/0  speed=10.9 games/s  eps=0.050
2025-11-12 16:52:32,141 INFO [train] games=20800/50000  winrate=0.500  w/l/d=50/47/3  speed=10.2 games/s  eps=0.050
2025-11-12 16:52:42,017 INFO [train] games=20900/50000  winrate=0.780  w/l/d=78/22/0  speed=10.1 games/s  eps=0.050
2025-11-12 16:52:52,014 INFO [train] games=21000/50000  winrate=0.600  w/l/d=60/38/2  speed=10.0 games/s  eps=0.050
2025-11-12 16:53:01,469 INFO [train] games=21100/50000  winrate=0.330  w/l/d=33/65/2  speed=10.6 games/s  eps=0.050
2025-11-12 16:53:10,766 INFO [train] games=21200/50000  winrate=0.570  w/l/d=57/42/1  speed=10.8 games/s  eps=0.050
2025-11-12 16:53:20,909 INFO [train] games=21300/50000  winrate=0.350  w/l/d=35/64/1  speed=9.9 games/s  eps=0.050
2025-11-12 16:53:31,203 INFO [train] games=21400/50000  winrate=0.360  w/l/d=36/61/3  speed=9.7 games/s  eps=0.050
2025-11-12 16:53:41,527 INFO [train] games=21500/50000  winrate=0.750  w/l/d=75/24/1  speed=9.7 games/s  eps=0.050
2025-11-12 16:53:51,248 INFO [train] games=21600/50000  winrate=0.620  w/l/d=62/35/3  speed=10.3 games/s  eps=0.050
2025-11-12 16:54:00,900 INFO [train] games=21700/50000  winrate=0.580  w/l/d=58/40/2  speed=10.4 games/s  eps=0.050
2025-11-12 16:54:10,166 INFO [train] games=21800/50000  winrate=0.360  w/l/d=36/63/1  speed=10.8 games/s  eps=0.050
2025-11-12 16:54:19,651 INFO [train] games=21900/50000  winrate=0.350  w/l/d=35/65/0  speed=10.5 games/s  eps=0.050
2025-11-12 16:54:29,822 INFO [train] games=22000/50000  winrate=0.420  w/l/d=42/57/1  speed=9.8 games/s  eps=0.050
2025-11-12 16:54:39,395 INFO [train] games=22100/50000  winrate=0.470  w/l/d=47/53/0  speed=10.4 games/s  eps=0.050
2025-11-12 16:54:48,474 INFO [train] games=22200/50000  winrate=0.500  w/l/d=50/49/1  speed=11.0 games/s  eps=0.050
2025-11-12 16:54:58,089 INFO [train] games=22300/50000  winrate=0.460  w/l/d=46/50/4  speed=10.4 games/s  eps=0.050
2025-11-12 16:55:07,795 INFO [train] games=22400/50000  winrate=0.460  w/l/d=46/52/2  speed=10.3 games/s  eps=0.050
2025-11-12 16:55:16,828 INFO [train] games=22500/50000  winrate=0.520  w/l/d=52/46/2  speed=11.1 games/s  eps=0.050
2025-11-12 16:59:31,245 INFO [eval] games=200  winrate=0.990 95%CI=[0.964,0.997]  w/l/d=198/1/1 (eval_depth=3, eval_width=6)
2025-11-12 16:59:40,614 INFO [train] games=22600/50000  winrate=0.300  w/l/d=30/66/4  speed=0.4 games/s  eps=0.050
2025-11-12 16:59:49,823 INFO [train] games=22700/50000  winrate=0.380  w/l/d=38/62/0  speed=10.9 games/s  eps=0.050
2025-11-12 16:59:59,152 INFO [train] games=22800/50000  winrate=0.470  w/l/d=47/51/2  speed=10.7 games/s  eps=0.050
2025-11-12 17:00:08,464 INFO [train] games=22900/50000  winrate=0.290  w/l/d=29/67/4  speed=10.7 games/s  eps=0.050
2025-11-12 17:00:18,293 INFO [train] games=23000/50000  winrate=0.220  w/l/d=22/76/2  speed=10.2 games/s  eps=0.050
2025-11-12 17:00:26,315 INFO [train] games=23100/50000  winrate=0.190  w/l/d=19/80/1  speed=12.5 games/s  eps=0.050
2025-11-12 17:00:34,876 INFO [train] games=23200/50000  winrate=0.460  w/l/d=46/54/0  speed=11.7 games/s  eps=0.050
2025-11-12 17:00:44,458 INFO [train] games=23300/50000  winrate=0.580  w/l/d=58/40/2  speed=10.4 games/s  eps=0.050
2025-11-12 17:00:54,373 INFO [train] games=23400/50000  winrate=0.590  w/l/d=59/40/1  speed=10.1 games/s  eps=0.050
2025-11-12 17:01:03,250 INFO [train] games=23500/50000  winrate=0.350  w/l/d=35/64/1  speed=11.3 games/s  eps=0.050
2025-11-12 17:01:12,898 INFO [train] games=23600/50000  winrate=0.690  w/l/d=69/27/4  speed=10.4 games/s  eps=0.050
2025-11-12 17:01:22,614 INFO [train] games=23700/50000  winrate=0.700  w/l/d=70/27/3  speed=10.3 games/s  eps=0.050
2025-11-12 17:01:31,914 INFO [train] games=23800/50000  winrate=0.530  w/l/d=53/47/0  speed=10.8 games/s  eps=0.050
2025-11-12 17:01:41,575 INFO [train] games=23900/50000  winrate=0.330  w/l/d=33/67/0  speed=10.4 games/s  eps=0.050
2025-11-12 17:01:51,298 INFO [train] games=24000/50000  winrate=0.410  w/l/d=41/57/2  speed=10.3 games/s  eps=0.050
2025-11-12 17:02:00,541 INFO [train] games=24100/50000  winrate=0.570  w/l/d=57/43/0  speed=10.8 games/s  eps=0.050
2025-11-12 17:02:09,891 INFO [train] games=24200/50000  winrate=0.400  w/l/d=40/58/2  speed=10.7 games/s  eps=0.050
2025-11-12 17:02:18,559 INFO [train] games=24300/50000  winrate=0.580  w/l/d=58/42/0  speed=11.5 games/s  eps=0.050
2025-11-12 17:02:29,091 INFO [train] games=24400/50000  winrate=0.620  w/l/d=62/36/2  speed=9.5 games/s  eps=0.050
2025-11-12 17:02:38,433 INFO [train] games=24500/50000  winrate=0.780  w/l/d=78/21/1  speed=10.7 games/s  eps=0.050
2025-11-12 17:02:47,808 INFO [train] games=24600/50000  winrate=0.670  w/l/d=67/32/1  speed=10.7 games/s  eps=0.050
2025-11-12 17:02:58,008 INFO [train] games=24700/50000  winrate=0.660  w/l/d=66/33/1  speed=9.8 games/s  eps=0.050
2025-11-12 17:03:07,582 INFO [train] games=24800/50000  winrate=0.500  w/l/d=50/48/2  speed=10.4 games/s  eps=0.050
2025-11-12 17:03:17,247 INFO [train] games=24900/50000  winrate=0.290  w/l/d=29/71/0  speed=10.3 games/s  eps=0.050
2025-11-12 17:03:26,325 INFO [train] games=25000/50000  winrate=0.340  w/l/d=34/66/0  speed=11.0 games/s  eps=0.050
2025-11-12 17:07:37,404 INFO [eval] games=200  winrate=1.000 95%CI=[0.981,1.000]  w/l/d=200/0/0 (eval_depth=3, eval_width=6)
2025-11-12 17:07:37,405 INFO [ckpt] saved -> model\model_ep25000.cpt.npy (and updated model.cpt.npy)
2025-11-12 17:07:47,378 INFO [train] games=25100/50000  winrate=0.490  w/l/d=49/50/1  speed=0.4 games/s  eps=0.050
2025-11-12 17:07:58,356 INFO [train] games=25200/50000  winrate=0.500  w/l/d=50/48/2  speed=9.1 games/s  eps=0.050
2025-11-12 17:08:08,135 INFO [train] games=25300/50000  winrate=0.560  w/l/d=56/43/1  speed=10.2 games/s  eps=0.050
2025-11-12 17:08:16,781 INFO [train] games=25400/50000  winrate=0.430  w/l/d=43/56/1  speed=11.6 games/s  eps=0.050
2025-11-12 17:08:25,998 INFO [train] games=25500/50000  winrate=0.480  w/l/d=48/51/1  speed=10.9 games/s  eps=0.050
2025-11-12 17:08:35,207 INFO [train] games=25600/50000  winrate=0.640  w/l/d=64/35/1  speed=10.9 games/s  eps=0.050
2025-11-12 17:08:43,964 INFO [train] games=25700/50000  winrate=0.590  w/l/d=59/40/1  speed=11.4 games/s  eps=0.050
2025-11-12 17:08:52,519 INFO [train] games=25800/50000  winrate=0.350  w/l/d=35/64/1  speed=11.7 games/s  eps=0.050
2025-11-12 17:09:02,080 INFO [train] games=25900/50000  winrate=0.350  w/l/d=35/65/0  speed=10.5 games/s  eps=0.050
2025-11-12 17:09:10,777 INFO [train] games=26000/50000  winrate=0.420  w/l/d=42/57/1  speed=11.5 games/s  eps=0.050
2025-11-12 17:09:20,035 INFO [train] games=26100/50000  winrate=0.400  w/l/d=40/55/5  speed=10.8 games/s  eps=0.050
2025-11-12 17:09:29,994 INFO [train] games=26200/50000  winrate=0.490  w/l/d=49/50/1  speed=10.0 games/s  eps=0.050
2025-11-12 17:09:39,526 INFO [train] games=26300/50000  winrate=0.490  w/l/d=49/50/1  speed=10.5 games/s  eps=0.050
2025-11-12 17:09:48,650 INFO [train] games=26400/50000  winrate=0.710  w/l/d=71/28/1  speed=11.0 games/s  eps=0.050
2025-11-12 17:09:57,363 INFO [train] games=26500/50000  winrate=0.520  w/l/d=52/46/2  speed=11.5 games/s  eps=0.050
2025-11-12 17:10:05,868 INFO [train] games=26600/50000  winrate=0.500  w/l/d=50/48/2  speed=11.8 games/s  eps=0.050
2025-11-12 17:10:15,246 INFO [train] games=26700/50000  winrate=0.400  w/l/d=40/59/1  speed=10.7 games/s  eps=0.050
2025-11-12 17:10:24,932 INFO [train] games=26800/50000  winrate=0.320  w/l/d=32/68/0  speed=10.3 games/s  eps=0.050
2025-11-12 17:10:34,140 INFO [train] games=26900/50000  winrate=0.440  w/l/d=44/54/2  speed=10.9 games/s  eps=0.050
2025-11-12 17:10:43,934 INFO [train] games=27000/50000  winrate=0.640  w/l/d=64/34/2  speed=10.2 games/s  eps=0.050
2025-11-12 17:10:54,424 INFO [train] games=27100/50000  winrate=0.460  w/l/d=46/52/2  speed=9.5 games/s  eps=0.050
2025-11-12 17:11:04,408 INFO [train] games=27200/50000  winrate=0.470  w/l/d=47/51/2  speed=10.0 games/s  eps=0.050
2025-11-12 17:11:13,894 INFO [train] games=27300/50000  winrate=0.670  w/l/d=67/31/2  speed=10.5 games/s  eps=0.050
2025-11-12 17:11:23,480 INFO [train] games=27400/50000  winrate=0.560  w/l/d=56/42/2  speed=10.4 games/s  eps=0.050
2025-11-12 17:11:32,684 INFO [train] games=27500/50000  winrate=0.650  w/l/d=65/34/1  speed=10.9 games/s  eps=0.050
2025-11-12 17:15:37,418 INFO [eval] games=200  winrate=1.000 95%CI=[0.981,1.000]  w/l/d=200/0/0 (eval_depth=3, eval_width=6)
2025-11-12 17:15:47,478 INFO [train] games=27600/50000  winrate=0.490  w/l/d=49/50/1  speed=0.4 games/s  eps=0.050
2025-11-12 17:15:57,821 INFO [train] games=27700/50000  winrate=0.660  w/l/d=66/30/4  speed=9.7 games/s  eps=0.050
2025-11-12 17:16:06,882 INFO [train] games=27800/50000  winrate=0.900  w/l/d=90/10/0  speed=11.0 games/s  eps=0.050
2025-11-12 17:16:16,321 INFO [train] games=27900/50000  winrate=0.640  w/l/d=64/33/3  speed=10.6 games/s  eps=0.050
2025-11-12 17:16:25,531 INFO [train] games=28000/50000  winrate=0.580  w/l/d=58/38/4  speed=10.9 games/s  eps=0.050
2025-11-12 17:16:35,761 INFO [train] games=28100/50000  winrate=0.380  w/l/d=38/60/2  speed=9.8 games/s  eps=0.050
2025-11-12 17:16:46,190 INFO [train] games=28200/50000  winrate=0.440  w/l/d=44/54/2  speed=9.6 games/s  eps=0.050
2025-11-12 17:16:55,926 INFO [train] games=28300/50000  winrate=0.390  w/l/d=39/60/1  speed=10.3 games/s  eps=0.050
2025-11-12 17:17:05,943 INFO [train] games=28400/50000  winrate=0.250  w/l/d=25/73/2  speed=10.0 games/s  eps=0.050
2025-11-12 17:17:15,795 INFO [train] games=28500/50000  winrate=0.340  w/l/d=34/66/0  speed=10.2 games/s  eps=0.050
2025-11-12 17:17:25,045 INFO [train] games=28600/50000  winrate=0.270  w/l/d=27/69/4  speed=10.8 games/s  eps=0.050
2025-11-12 17:17:34,506 INFO [train] games=28700/50000  winrate=0.370  w/l/d=37/61/2  speed=10.6 games/s  eps=0.050
2025-11-12 17:17:44,145 INFO [train] games=28800/50000  winrate=0.540  w/l/d=54/46/0  speed=10.4 games/s  eps=0.050
2025-11-12 17:17:53,351 INFO [train] games=28900/50000  winrate=0.640  w/l/d=64/33/3  speed=10.9 games/s  eps=0.050
2025-11-12 17:18:04,306 INFO [train] games=29000/50000  winrate=0.530  w/l/d=53/44/3  speed=9.1 games/s  eps=0.050
2025-11-12 17:18:14,181 INFO [train] games=29100/50000  winrate=0.420  w/l/d=42/58/0  speed=10.1 games/s  eps=0.050
2025-11-12 17:18:26,064 INFO [train] games=29200/50000  winrate=0.150  w/l/d=15/84/1  speed=8.4 games/s  eps=0.050
2025-11-12 17:18:36,923 INFO [train] games=29300/50000  winrate=0.170  w/l/d=17/80/3  speed=9.2 games/s  eps=0.050
2025-11-12 17:18:47,011 INFO [train] games=29400/50000  winrate=0.230  w/l/d=23/74/3  speed=9.9 games/s  eps=0.050
2025-11-12 17:18:56,391 INFO [train] games=29500/50000  winrate=0.520  w/l/d=52/46/2  speed=10.7 games/s  eps=0.050
2025-11-12 17:19:06,365 INFO [train] games=29600/50000  winrate=0.380  w/l/d=38/61/1  speed=10.0 games/s  eps=0.050
2025-11-12 17:19:16,617 INFO [train] games=29700/50000  winrate=0.430  w/l/d=43/55/2  speed=9.8 games/s  eps=0.050
2025-11-12 17:19:26,426 INFO [train] games=29800/50000  winrate=0.600  w/l/d=60/39/1  speed=10.2 games/s  eps=0.050
2025-11-12 17:19:35,319 INFO [train] games=29900/50000  winrate=0.330  w/l/d=33/66/1  speed=11.2 games/s  eps=0.050
2025-11-12 17:19:45,365 INFO [train] games=30000/50000  winrate=0.240  w/l/d=24/76/0  speed=10.0 games/s  eps=0.050
2025-11-12 17:24:04,655 INFO [eval] games=200  winrate=1.000 95%CI=[0.981,1.000]  w/l/d=200/0/0 (eval_depth=3, eval_width=6)
2025-11-12 17:24:04,656 INFO [ckpt] saved -> model\model_ep30000.cpt.npy (and updated model.cpt.npy)
2025-11-12 17:24:14,159 INFO [train] games=30100/50000  winrate=0.320  w/l/d=32/66/2  speed=0.4 games/s  eps=0.050
2025-11-12 17:24:24,530 INFO [train] games=30200/50000  winrate=0.430  w/l/d=43/56/1  speed=9.6 games/s  eps=0.050
2025-11-12 17:24:34,460 INFO [train] games=30300/50000  winrate=0.290  w/l/d=29/68/3  speed=10.1 games/s  eps=0.050
2025-11-12 17:24:44,239 INFO [train] games=30400/50000  winrate=0.430  w/l/d=43/55/2  speed=10.2 games/s  eps=0.050
2025-11-12 17:24:54,695 INFO [train] games=30500/50000  winrate=0.580  w/l/d=58/41/1  speed=9.6 games/s  eps=0.050
2025-11-12 17:25:04,089 INFO [train] games=30600/50000  winrate=0.400  w/l/d=40/58/2  speed=10.6 games/s  eps=0.050
2025-11-12 17:25:13,509 INFO [train] games=30700/50000  winrate=0.750  w/l/d=75/24/1  speed=10.6 games/s  eps=0.050
2025-11-12 17:25:22,598 INFO [train] games=30800/50000  winrate=0.750  w/l/d=75/25/0  speed=11.0 games/s  eps=0.050
2025-11-12 17:25:31,710 INFO [train] games=30900/50000  winrate=0.480  w/l/d=48/49/3  speed=11.0 games/s  eps=0.050
2025-11-12 17:25:41,758 INFO [train] games=31000/50000  winrate=0.650  w/l/d=65/33/2  speed=10.0 games/s  eps=0.050
2025-11-12 17:25:50,994 INFO [train] games=31100/50000  winrate=0.710  w/l/d=71/28/1  speed=10.8 games/s  eps=0.050
2025-11-12 17:26:00,686 INFO [train] games=31200/50000  winrate=0.610  w/l/d=61/37/2  speed=10.3 games/s  eps=0.050
2025-11-12 17:26:10,730 INFO [train] games=31300/50000  winrate=0.570  w/l/d=57/42/1  speed=10.0 games/s  eps=0.050
2025-11-12 17:26:20,983 INFO [train] games=31400/50000  winrate=0.630  w/l/d=63/35/2  speed=9.8 games/s  eps=0.050
2025-11-12 17:26:30,993 INFO [train] games=31500/50000  winrate=0.590  w/l/d=59/39/2  speed=10.0 games/s  eps=0.050
2025-11-12 17:26:40,913 INFO [train] games=31600/50000  winrate=0.650  w/l/d=65/35/0  speed=10.1 games/s  eps=0.050
2025-11-12 17:26:50,515 INFO [train] games=31700/50000  winrate=0.460  w/l/d=46/49/5  speed=10.4 games/s  eps=0.050
2025-11-12 17:27:00,126 INFO [train] games=31800/50000  winrate=0.520  w/l/d=52/47/1  speed=10.4 games/s  eps=0.050
2025-11-12 17:27:10,862 INFO [train] games=31900/50000  winrate=0.540  w/l/d=54/45/1  speed=9.3 games/s  eps=0.050
2025-11-12 17:27:21,025 INFO [train] games=32000/50000  winrate=0.720  w/l/d=72/28/0  speed=9.8 games/s  eps=0.050
2025-11-12 17:27:30,812 INFO [train] games=32100/50000  winrate=0.770  w/l/d=77/22/1  speed=10.2 games/s  eps=0.050
2025-11-12 17:27:40,080 INFO [train] games=32200/50000  winrate=0.460  w/l/d=46/50/4  speed=10.8 games/s  eps=0.050
2025-11-12 17:27:49,485 INFO [train] games=32300/50000  winrate=0.450  w/l/d=45/55/0  speed=10.6 games/s  eps=0.050
2025-11-12 17:27:58,824 INFO [train] games=32400/50000  winrate=0.540  w/l/d=54/44/2  speed=10.7 games/s  eps=0.050
2025-11-12 17:28:08,330 INFO [train] games=32500/50000  winrate=0.420  w/l/d=42/57/1  speed=10.5 games/s  eps=0.050
2025-11-12 17:32:10,652 INFO [eval] games=200  winrate=1.000 95%CI=[0.981,1.000]  w/l/d=200/0/0 (eval_depth=3, eval_width=6)
2025-11-12 17:32:20,465 INFO [train] games=32600/50000  winrate=0.420  w/l/d=42/56/2  speed=0.4 games/s  eps=0.050
2025-11-12 17:32:29,375 INFO [train] games=32700/50000  winrate=0.530  w/l/d=53/47/0  speed=11.2 games/s  eps=0.050
2025-11-12 17:32:38,126 INFO [train] games=32800/50000  winrate=0.370  w/l/d=37/61/2  speed=11.4 games/s  eps=0.050
2025-11-12 17:32:48,040 INFO [train] games=32900/50000  winrate=0.450  w/l/d=45/55/0  speed=10.1 games/s  eps=0.050
2025-11-12 17:32:58,377 INFO [train] games=33000/50000  winrate=0.430  w/l/d=43/55/2  speed=9.7 games/s  eps=0.050
2025-11-12 17:33:07,816 INFO [train] games=33100/50000  winrate=0.590  w/l/d=59/39/2  speed=10.6 games/s  eps=0.050
2025-11-12 17:33:17,273 INFO [train] games=33200/50000  winrate=0.590  w/l/d=59/40/1  speed=10.6 games/s  eps=0.050
2025-11-12 17:33:27,554 INFO [train] games=33300/50000  winrate=0.460  w/l/d=46/54/0  speed=9.7 games/s  eps=0.050
2025-11-12 17:33:37,989 INFO [train] games=33400/50000  winrate=0.330  w/l/d=33/63/4  speed=9.6 games/s  eps=0.050
2025-11-12 17:33:48,162 INFO [train] games=33500/50000  winrate=0.380  w/l/d=38/62/0  speed=9.8 games/s  eps=0.050
2025-11-12 17:33:57,954 INFO [train] games=33600/50000  winrate=0.610  w/l/d=61/36/3  speed=10.2 games/s  eps=0.050
2025-11-12 17:34:07,866 INFO [train] games=33700/50000  winrate=0.450  w/l/d=45/55/0  speed=10.1 games/s  eps=0.050
2025-11-12 17:34:17,537 INFO [train] games=33800/50000  winrate=0.450  w/l/d=45/50/5  speed=10.3 games/s  eps=0.050
2025-11-12 17:34:26,738 INFO [train] games=33900/50000  winrate=0.650  w/l/d=65/31/4  speed=10.9 games/s  eps=0.050
2025-11-12 17:34:35,636 INFO [train] games=34000/50000  winrate=0.580  w/l/d=58/40/2  speed=11.2 games/s  eps=0.050
2025-11-12 17:34:44,608 INFO [train] games=34100/50000  winrate=0.470  w/l/d=47/51/2  speed=11.1 games/s  eps=0.050
2025-11-12 17:34:54,119 INFO [train] games=34200/50000  winrate=0.380  w/l/d=38/59/3  speed=10.5 games/s  eps=0.050
2025-11-12 17:35:03,201 INFO [train] games=34300/50000  winrate=0.450  w/l/d=45/53/2  speed=11.0 games/s  eps=0.050
2025-11-12 17:35:13,464 INFO [train] games=34400/50000  winrate=0.520  w/l/d=52/46/2  speed=9.7 games/s  eps=0.050
2025-11-12 17:35:22,904 INFO [train] games=34500/50000  winrate=0.510  w/l/d=51/47/2  speed=10.6 games/s  eps=0.050
2025-11-12 17:35:31,975 INFO [train] games=34600/50000  winrate=0.600  w/l/d=60/38/2  speed=11.0 games/s  eps=0.050
2025-11-12 17:35:41,870 INFO [train] games=34700/50000  winrate=0.440  w/l/d=44/55/1  speed=10.1 games/s  eps=0.050
2025-11-12 17:35:51,690 INFO [train] games=34800/50000  winrate=0.330  w/l/d=33/66/1  speed=10.2 games/s  eps=0.050
2025-11-12 17:36:01,116 INFO [train] games=34900/50000  winrate=0.570  w/l/d=57/40/3  speed=10.6 games/s  eps=0.050
2025-11-12 17:36:11,665 INFO [train] games=35000/50000  winrate=0.490  w/l/d=49/49/2  speed=9.5 games/s  eps=0.050
2025-11-12 17:40:29,892 INFO [eval] games=200  winrate=0.995 95%CI=[0.972,0.999]  w/l/d=199/1/0 (eval_depth=3, eval_width=6)
2025-11-12 17:40:29,893 INFO [ckpt] saved -> model\model_ep35000.cpt.npy (and updated model.cpt.npy)
2025-11-12 17:40:39,189 INFO [train] games=35100/50000  winrate=0.480  w/l/d=48/50/2  speed=0.4 games/s  eps=0.050
2025-11-12 17:40:49,221 INFO [train] games=35200/50000  winrate=0.550  w/l/d=55/44/1  speed=10.0 games/s  eps=0.050
2025-11-12 17:40:58,776 INFO [train] games=35300/50000  winrate=0.180  w/l/d=18/82/0  speed=10.5 games/s  eps=0.050
2025-11-12 17:41:08,205 INFO [train] games=35400/50000  winrate=0.180  w/l/d=18/82/0  speed=10.6 games/s  eps=0.050
2025-11-12 17:41:18,291 INFO [train] games=35500/50000  winrate=0.350  w/l/d=35/65/0  speed=9.9 games/s  eps=0.050
2025-11-12 17:41:28,054 INFO [train] games=35600/50000  winrate=0.520  w/l/d=52/45/3  speed=10.2 games/s  eps=0.050
2025-11-12 17:41:38,166 INFO [train] games=35700/50000  winrate=0.540  w/l/d=54/45/1  speed=9.9 games/s  eps=0.050
2025-11-12 17:41:48,013 INFO [train] games=35800/50000  winrate=0.600  w/l/d=60/39/1  speed=10.2 games/s  eps=0.050
2025-11-12 17:41:58,790 INFO [train] games=35900/50000  winrate=0.540  w/l/d=54/45/1  speed=9.3 games/s  eps=0.050
2025-11-12 17:42:09,030 INFO [train] games=36000/50000  winrate=0.550  w/l/d=55/42/3  speed=9.8 games/s  eps=0.050
2025-11-12 17:42:18,995 INFO [train] games=36100/50000  winrate=0.430  w/l/d=43/57/0  speed=10.0 games/s  eps=0.050
2025-11-12 17:42:28,393 INFO [train] games=36200/50000  winrate=0.320  w/l/d=32/68/0  speed=10.6 games/s  eps=0.050
2025-11-12 17:42:38,317 INFO [train] games=36300/50000  winrate=0.430  w/l/d=43/54/3  speed=10.1 games/s  eps=0.050
2025-11-12 17:42:47,634 INFO [train] games=36400/50000  winrate=0.390  w/l/d=39/60/1  speed=10.7 games/s  eps=0.050
2025-11-12 17:42:57,449 INFO [train] games=36500/50000  winrate=0.430  w/l/d=43/55/2  speed=10.2 games/s  eps=0.050
2025-11-12 17:43:07,180 INFO [train] games=36600/50000  winrate=0.620  w/l/d=62/37/1  speed=10.3 games/s  eps=0.050
2025-11-12 17:43:17,015 INFO [train] games=36700/50000  winrate=0.520  w/l/d=52/46/2  speed=10.2 games/s  eps=0.050
2025-11-12 17:43:26,628 INFO [train] games=36800/50000  winrate=0.580  w/l/d=58/39/3  speed=10.4 games/s  eps=0.050
2025-11-12 17:43:35,390 INFO [train] games=36900/50000  winrate=0.480  w/l/d=48/51/1  speed=11.4 games/s  eps=0.050
2025-11-12 17:43:45,531 INFO [train] games=37000/50000  winrate=0.370  w/l/d=37/60/3  speed=9.9 games/s  eps=0.050
2025-11-12 17:43:55,048 INFO [train] games=37100/50000  winrate=0.620  w/l/d=62/38/0  speed=10.5 games/s  eps=0.050
2025-11-12 17:44:05,273 INFO [train] games=37200/50000  winrate=0.500  w/l/d=50/50/0  speed=9.8 games/s  eps=0.050
2025-11-12 17:44:15,690 INFO [train] games=37300/50000  winrate=0.420  w/l/d=42/55/3  speed=9.6 games/s  eps=0.050
2025-11-12 17:44:26,400 INFO [train] games=37400/50000  winrate=0.550  w/l/d=55/44/1  speed=9.3 games/s  eps=0.050
2025-11-12 17:44:37,288 INFO [train] games=37500/50000  winrate=0.570  w/l/d=57/42/1  speed=9.2 games/s  eps=0.050
2025-11-12 17:49:41,505 INFO [eval] games=200  winrate=1.000 95%CI=[0.981,1.000]  w/l/d=200/0/0 (eval_depth=3, eval_width=6)
2025-11-12 17:49:51,824 INFO [train] games=37600/50000  winrate=0.400  w/l/d=40/58/2  speed=0.3 games/s  eps=0.050
2025-11-12 17:50:01,348 INFO [train] games=37700/50000  winrate=0.660  w/l/d=66/34/0  speed=10.5 games/s  eps=0.050
2025-11-12 17:50:10,937 INFO [train] games=37800/50000  winrate=0.470  w/l/d=47/50/3  speed=10.4 games/s  eps=0.050
2025-11-12 17:50:20,929 INFO [train] games=37900/50000  winrate=0.600  w/l/d=60/36/4  speed=10.0 games/s  eps=0.050
2025-11-12 17:50:30,903 INFO [train] games=38000/50000  winrate=0.500  w/l/d=50/47/3  speed=10.0 games/s  eps=0.050
2025-11-12 17:50:40,628 INFO [train] games=38100/50000  winrate=0.670  w/l/d=67/32/1  speed=10.3 games/s  eps=0.050
2025-11-12 17:50:50,357 INFO [train] games=38200/50000  winrate=0.580  w/l/d=58/42/0  speed=10.3 games/s  eps=0.050
2025-11-12 17:51:00,068 INFO [train] games=38300/50000  winrate=0.420  w/l/d=42/58/0  speed=10.3 games/s  eps=0.050
2025-11-12 17:51:09,763 INFO [train] games=38400/50000  winrate=0.550  w/l/d=55/44/1  speed=10.3 games/s  eps=0.050
2025-11-12 17:51:19,210 INFO [train] games=38500/50000  winrate=0.630  w/l/d=63/33/4  speed=10.6 games/s  eps=0.050
2025-11-12 17:51:29,256 INFO [train] games=38600/50000  winrate=0.530  w/l/d=53/44/3  speed=10.0 games/s  eps=0.050
2025-11-12 17:51:39,736 INFO [train] games=38700/50000  winrate=0.260  w/l/d=26/73/1  speed=9.5 games/s  eps=0.050
2025-11-12 17:51:49,427 INFO [train] games=38800/50000  winrate=0.270  w/l/d=27/69/4  speed=10.3 games/s  eps=0.050
2025-11-12 17:51:58,366 INFO [train] games=38900/50000  winrate=0.460  w/l/d=46/53/1  speed=11.2 games/s  eps=0.050
2025-11-12 17:52:07,955 INFO [train] games=39000/50000  winrate=0.360  w/l/d=36/64/0  speed=10.4 games/s  eps=0.050
2025-11-12 17:52:17,307 INFO [train] games=39100/50000  winrate=0.490  w/l/d=49/51/0  speed=10.7 games/s  eps=0.050
2025-11-12 17:52:26,773 INFO [train] games=39200/50000  winrate=0.580  w/l/d=58/39/3  speed=10.6 games/s  eps=0.050
2025-11-12 17:52:36,914 INFO [train] games=39300/50000  winrate=0.640  w/l/d=64/35/1  speed=9.9 games/s  eps=0.050
2025-11-12 17:52:46,623 INFO [train] games=39400/50000  winrate=0.660  w/l/d=66/30/4  speed=10.3 games/s  eps=0.050
2025-11-12 17:52:56,414 INFO [train] games=39500/50000  winrate=0.620  w/l/d=62/37/1  speed=10.2 games/s  eps=0.050
2025-11-12 17:53:05,979 INFO [train] games=39600/50000  winrate=0.650  w/l/d=65/33/2  speed=10.5 games/s  eps=0.050
2025-11-12 17:53:14,755 INFO [train] games=39700/50000  winrate=0.690  w/l/d=69/30/1  speed=11.4 games/s  eps=0.050
2025-11-12 17:53:23,605 INFO [train] games=39800/50000  winrate=0.440  w/l/d=44/56/0  speed=11.3 games/s  eps=0.050
2025-11-12 17:53:32,236 INFO [train] games=39900/50000  winrate=0.440  w/l/d=44/56/0  speed=11.6 games/s  eps=0.050
2025-11-12 17:53:41,299 INFO [train] games=40000/50000  winrate=0.500  w/l/d=50/50/0  speed=11.0 games/s  eps=0.050
2025-11-12 17:57:42,552 INFO [eval] games=200  winrate=1.000 95%CI=[0.981,1.000]  w/l/d=200/0/0 (eval_depth=3, eval_width=6)
2025-11-12 17:57:42,554 INFO [ckpt] saved -> model\model_ep40000.cpt.npy (and updated model.cpt.npy)
2025-11-12 17:57:51,407 INFO [train] games=40100/50000  winrate=0.570  w/l/d=57/42/1  speed=0.4 games/s  eps=0.050
2025-11-12 17:58:00,606 INFO [train] games=40200/50000  winrate=0.490  w/l/d=49/49/2  speed=10.9 games/s  eps=0.050
2025-11-12 17:58:09,092 INFO [train] games=40300/50000  winrate=0.460  w/l/d=46/52/2  speed=11.8 games/s  eps=0.050
2025-11-12 17:58:18,587 INFO [train] games=40400/50000  winrate=0.380  w/l/d=38/59/3  speed=10.5 games/s  eps=0.050
2025-11-12 17:58:28,463 INFO [train] games=40500/50000  winrate=0.490  w/l/d=49/49/2  speed=10.1 games/s  eps=0.050
2025-11-12 17:58:36,714 INFO [train] games=40600/50000  winrate=0.550  w/l/d=55/44/1  speed=12.1 games/s  eps=0.050
2025-11-12 17:58:45,338 INFO [train] games=40700/50000  winrate=0.690  w/l/d=69/28/3  speed=11.6 games/s  eps=0.050
2025-11-12 17:58:55,223 INFO [train] games=40800/50000  winrate=0.570  w/l/d=57/43/0  speed=10.1 games/s  eps=0.050
2025-11-12 17:59:05,271 INFO [train] games=40900/50000  winrate=0.610  w/l/d=61/38/1  speed=10.0 games/s  eps=0.050
2025-11-12 17:59:15,680 INFO [train] games=41000/50000  winrate=0.390  w/l/d=39/59/2  speed=9.6 games/s  eps=0.050
2025-11-12 17:59:26,115 INFO [train] games=41100/50000  winrate=0.440  w/l/d=44/54/2  speed=9.6 games/s  eps=0.050
2025-11-12 17:59:35,554 INFO [train] games=41200/50000  winrate=0.730  w/l/d=73/26/1  speed=10.6 games/s  eps=0.050
2025-11-12 17:59:44,556 INFO [train] games=41300/50000  winrate=0.320  w/l/d=32/64/4  speed=11.1 games/s  eps=0.050
2025-11-12 17:59:53,508 INFO [train] games=41400/50000  winrate=0.510  w/l/d=51/46/3  speed=11.2 games/s  eps=0.050
2025-11-12 18:00:03,434 INFO [train] games=41500/50000  winrate=0.350  w/l/d=35/64/1  speed=10.1 games/s  eps=0.050
2025-11-12 18:00:12,895 INFO [train] games=41600/50000  winrate=0.460  w/l/d=46/53/1  speed=10.6 games/s  eps=0.050
2025-11-12 18:00:22,769 INFO [train] games=41700/50000  winrate=0.580  w/l/d=58/42/0  speed=10.1 games/s  eps=0.050
2025-11-12 18:00:32,230 INFO [train] games=41800/50000  winrate=0.480  w/l/d=48/50/2  speed=10.6 games/s  eps=0.050
2025-11-12 18:00:40,882 INFO [train] games=41900/50000  winrate=0.600  w/l/d=60/37/3  speed=11.6 games/s  eps=0.050
2025-11-12 18:00:50,613 INFO [train] games=42000/50000  winrate=0.560  w/l/d=56/44/0  speed=10.3 games/s  eps=0.050
2025-11-12 18:01:01,503 INFO [train] games=42100/50000  winrate=0.260  w/l/d=26/73/1  speed=9.2 games/s  eps=0.050
2025-11-12 18:01:12,137 INFO [train] games=42200/50000  winrate=0.360  w/l/d=36/59/5  speed=9.4 games/s  eps=0.050
2025-11-12 18:01:22,338 INFO [train] games=42300/50000  winrate=0.570  w/l/d=57/41/2  speed=9.8 games/s  eps=0.050
2025-11-12 18:01:31,407 INFO [train] games=42400/50000  winrate=0.730  w/l/d=73/26/1  speed=11.0 games/s  eps=0.050
2025-11-12 18:01:41,022 INFO [train] games=42500/50000  winrate=0.400  w/l/d=40/60/0  speed=10.4 games/s  eps=0.050
2025-11-12 18:05:28,009 INFO [eval] games=200  winrate=1.000 95%CI=[0.981,1.000]  w/l/d=200/0/0 (eval_depth=3, eval_width=6)
2025-11-12 18:05:36,458 INFO [train] games=42600/50000  winrate=0.270  w/l/d=27/70/3  speed=0.4 games/s  eps=0.050
2025-11-12 18:05:46,728 INFO [train] games=42700/50000  winrate=0.340  w/l/d=34/65/1  speed=9.7 games/s  eps=0.050
2025-11-12 18:05:56,150 INFO [train] games=42800/50000  winrate=0.330  w/l/d=33/66/1  speed=10.6 games/s  eps=0.050
2025-11-12 18:06:05,718 INFO [train] games=42900/50000  winrate=0.330  w/l/d=33/65/2  speed=10.5 games/s  eps=0.050
2025-11-12 18:06:15,233 INFO [train] games=43000/50000  winrate=0.340  w/l/d=34/66/0  speed=10.5 games/s  eps=0.050
2025-11-12 18:06:24,899 INFO [train] games=43100/50000  winrate=0.530  w/l/d=53/45/2  speed=10.3 games/s  eps=0.050
2025-11-12 18:06:35,019 INFO [train] games=43200/50000  winrate=0.460  w/l/d=46/53/1  speed=9.9 games/s  eps=0.050
2025-11-12 18:06:45,048 INFO [train] games=43300/50000  winrate=0.260  w/l/d=26/73/1  speed=10.0 games/s  eps=0.050
2025-11-12 18:06:59,158 INFO [train] games=43400/50000  winrate=0.550  w/l/d=55/44/1  speed=7.1 games/s  eps=0.050
2025-11-12 18:07:17,522 INFO [train] games=43500/50000  winrate=0.470  w/l/d=47/53/0  speed=5.4 games/s  eps=0.050
2025-11-12 18:07:29,933 INFO [train] games=43600/50000  winrate=0.480  w/l/d=48/50/2  speed=8.1 games/s  eps=0.050
2025-11-12 18:07:39,634 INFO [train] games=43700/50000  winrate=0.450  w/l/d=45/54/1  speed=10.3 games/s  eps=0.050
2025-11-12 18:07:50,282 INFO [train] games=43800/50000  winrate=0.560  w/l/d=56/41/3  speed=9.4 games/s  eps=0.050
2025-11-12 18:08:00,981 INFO [train] games=43900/50000  winrate=0.470  w/l/d=47/53/0  speed=9.3 games/s  eps=0.050
2025-11-12 18:08:10,483 INFO [train] games=44000/50000  winrate=0.430  w/l/d=43/54/3  speed=10.5 games/s  eps=0.050
2025-11-12 18:08:19,925 INFO [train] games=44100/50000  winrate=0.370  w/l/d=37/59/4  speed=10.6 games/s  eps=0.050
2025-11-12 18:08:29,675 INFO [train] games=44200/50000  winrate=0.550  w/l/d=55/44/1  speed=10.3 games/s  eps=0.050
2025-11-12 18:08:38,304 INFO [train] games=44300/50000  winrate=0.370  w/l/d=37/63/0  speed=11.6 games/s  eps=0.050
2025-11-12 18:08:47,316 INFO [train] games=44400/50000  winrate=0.490  w/l/d=49/48/3  speed=11.1 games/s  eps=0.050
2025-11-12 18:08:56,909 INFO [train] games=44500/50000  winrate=0.630  w/l/d=63/36/1  speed=10.4 games/s  eps=0.050
2025-11-12 18:09:07,204 INFO [train] games=44600/50000  winrate=0.400  w/l/d=40/59/1  speed=9.7 games/s  eps=0.050
2025-11-12 18:09:17,066 INFO [train] games=44700/50000  winrate=0.250  w/l/d=25/72/3  speed=10.1 games/s  eps=0.050
2025-11-12 18:09:26,924 INFO [train] games=44800/50000  winrate=0.330  w/l/d=33/66/1  speed=10.1 games/s  eps=0.050
2025-11-12 18:09:36,277 INFO [train] games=44900/50000  winrate=0.470  w/l/d=47/51/2  speed=10.7 games/s  eps=0.050
2025-11-12 18:09:45,453 INFO [train] games=45000/50000  winrate=0.420  w/l/d=42/55/3  speed=10.9 games/s  eps=0.050
2025-11-12 18:13:31,098 INFO [eval] games=200  winrate=1.000 95%CI=[0.981,1.000]  w/l/d=200/0/0 (eval_depth=3, eval_width=6)
2025-11-12 18:13:31,100 INFO [ckpt] saved -> model\model_ep45000.cpt.npy (and updated model.cpt.npy)
2025-11-12 18:13:40,433 INFO [train] games=45100/50000  winrate=0.280  w/l/d=28/72/0  speed=0.4 games/s  eps=0.050
2025-11-12 18:13:50,168 INFO [train] games=45200/50000  winrate=0.490  w/l/d=49/49/2  speed=10.3 games/s  eps=0.050
2025-11-12 18:13:59,721 INFO [train] games=45300/50000  winrate=0.460  w/l/d=46/52/2  speed=10.5 games/s  eps=0.050
2025-11-12 18:14:09,181 INFO [train] games=45400/50000  winrate=0.500  w/l/d=50/50/0  speed=10.6 games/s  eps=0.050
2025-11-12 18:14:17,917 INFO [train] games=45500/50000  winrate=0.290  w/l/d=29/68/3  speed=11.4 games/s  eps=0.050
2025-11-12 18:14:26,617 INFO [train] games=45600/50000  winrate=0.610  w/l/d=61/36/3  speed=11.5 games/s  eps=0.050
2025-11-12 18:14:36,230 INFO [train] games=45700/50000  winrate=0.250  w/l/d=25/72/3  speed=10.4 games/s  eps=0.050
2025-11-12 18:14:47,221 INFO [train] games=45800/50000  winrate=0.190  w/l/d=19/81/0  speed=9.1 games/s  eps=0.050
2025-11-12 18:14:57,005 INFO [train] games=45900/50000  winrate=0.450  w/l/d=45/53/2  speed=10.2 games/s  eps=0.050
2025-11-12 18:15:07,126 INFO [train] games=46000/50000  winrate=0.240  w/l/d=24/76/0  speed=9.9 games/s  eps=0.050
2025-11-12 18:15:16,503 INFO [train] games=46100/50000  winrate=0.460  w/l/d=46/54/0  speed=10.7 games/s  eps=0.050
2025-11-12 18:15:25,711 INFO [train] games=46200/50000  winrate=0.480  w/l/d=48/51/1  speed=10.9 games/s  eps=0.050
2025-11-12 18:15:34,824 INFO [train] games=46300/50000  winrate=0.210  w/l/d=21/77/2  speed=11.0 games/s  eps=0.050
2025-11-12 18:15:43,737 INFO [train] games=46400/50000  winrate=0.350  w/l/d=35/64/1  speed=11.2 games/s  eps=0.050
2025-11-12 18:15:52,422 INFO [train] games=46500/50000  winrate=0.550  w/l/d=55/41/4  speed=11.5 games/s  eps=0.050
2025-11-12 18:16:01,262 INFO [train] games=46600/50000  winrate=0.550  w/l/d=55/44/1  speed=11.3 games/s  eps=0.050
2025-11-12 18:16:10,542 INFO [train] games=46700/50000  winrate=0.330  w/l/d=33/66/1  speed=10.8 games/s  eps=0.050
2025-11-12 18:16:20,483 INFO [train] games=46800/50000  winrate=0.420  w/l/d=42/55/3  speed=10.1 games/s  eps=0.050
2025-11-12 18:16:31,054 INFO [train] games=46900/50000  winrate=0.390  w/l/d=39/59/2  speed=9.5 games/s  eps=0.050
2025-11-12 18:16:41,239 INFO [train] games=47000/50000  winrate=0.300  w/l/d=30/68/2  speed=9.8 games/s  eps=0.050
2025-11-12 18:16:51,181 INFO [train] games=47100/50000  winrate=0.540  w/l/d=54/44/2  speed=10.1 games/s  eps=0.050
2025-11-12 18:16:59,676 INFO [train] games=47200/50000  winrate=0.390  w/l/d=39/59/2  speed=11.8 games/s  eps=0.050
2025-11-12 18:17:08,456 INFO [train] games=47300/50000  winrate=0.510  w/l/d=51/47/2  speed=11.4 games/s  eps=0.050
2025-11-12 18:17:18,005 INFO [train] games=47400/50000  winrate=0.540  w/l/d=54/46/0  speed=10.5 games/s  eps=0.050
2025-11-12 18:17:27,946 INFO [train] games=47500/50000  winrate=0.450  w/l/d=45/53/2  speed=10.1 games/s  eps=0.050
2025-11-12 18:22:07,074 INFO [eval] games=200  winrate=0.995 95%CI=[0.972,0.999]  w/l/d=199/1/0 (eval_depth=3, eval_width=6)
2025-11-12 18:22:17,694 INFO [train] games=47600/50000  winrate=0.440  w/l/d=44/54/2  speed=0.3 games/s  eps=0.050
2025-11-12 18:22:27,229 INFO [train] games=47700/50000  winrate=0.540  w/l/d=54/43/3  speed=10.5 games/s  eps=0.050
2025-11-12 18:22:36,890 INFO [train] games=47800/50000  winrate=0.660  w/l/d=66/34/0  speed=10.4 games/s  eps=0.050
2025-11-12 18:22:46,407 INFO [train] games=47900/50000  winrate=0.720  w/l/d=72/26/2  speed=10.5 games/s  eps=0.050
2025-11-12 18:22:55,282 INFO [train] games=48000/50000  winrate=0.650  w/l/d=65/35/0  speed=11.3 games/s  eps=0.050
2025-11-12 18:23:04,360 INFO [train] games=48100/50000  winrate=0.460  w/l/d=46/53/1  speed=11.0 games/s  eps=0.050
2025-11-12 18:23:15,102 INFO [train] games=48200/50000  winrate=0.640  w/l/d=64/34/2  speed=9.3 games/s  eps=0.050
2025-11-12 18:23:23,947 INFO [train] games=48300/50000  winrate=0.500  w/l/d=50/49/1  speed=11.3 games/s  eps=0.050
2025-11-12 18:23:33,711 INFO [train] games=48400/50000  winrate=0.640  w/l/d=64/33/3  speed=10.2 games/s  eps=0.050
2025-11-12 18:23:43,935 INFO [train] games=48500/50000  winrate=0.450  w/l/d=45/53/2  speed=9.8 games/s  eps=0.050
2025-11-12 18:23:53,702 INFO [train] games=48600/50000  winrate=0.590  w/l/d=59/40/1  speed=10.2 games/s  eps=0.050
2025-11-12 18:24:02,816 INFO [train] games=48700/50000  winrate=0.560  w/l/d=56/43/1  speed=11.0 games/s  eps=0.050
2025-11-12 18:24:12,235 INFO [train] games=48800/50000  winrate=0.360  w/l/d=36/60/4  speed=10.6 games/s  eps=0.050
2025-11-12 18:24:21,662 INFO [train] games=48900/50000  winrate=0.330  w/l/d=33/64/3  speed=10.6 games/s  eps=0.050
2025-11-12 18:24:30,232 INFO [train] games=49000/50000  winrate=0.430  w/l/d=43/57/0  speed=11.7 games/s  eps=0.050
2025-11-12 18:24:40,022 INFO [train] games=49100/50000  winrate=0.410  w/l/d=41/57/2  speed=10.2 games/s  eps=0.050
2025-11-12 18:24:49,569 INFO [train] games=49200/50000  winrate=0.510  w/l/d=51/49/0  speed=10.5 games/s  eps=0.050
2025-11-12 18:24:58,745 INFO [train] games=49300/50000  winrate=0.360  w/l/d=36/62/2  speed=10.9 games/s  eps=0.050
2025-11-12 18:25:07,979 INFO [train] games=49400/50000  winrate=0.390  w/l/d=39/60/1  speed=10.8 games/s  eps=0.050
2025-11-12 18:25:18,022 INFO [train] games=49500/50000  winrate=0.470  w/l/d=47/51/2  speed=10.0 games/s  eps=0.050
2025-11-12 18:25:27,444 INFO [train] games=49600/50000  winrate=0.560  w/l/d=56/42/2  speed=10.6 games/s  eps=0.050
2025-11-12 18:25:37,120 INFO [train] games=49700/50000  winrate=0.710  w/l/d=71/29/0  speed=10.3 games/s  eps=0.050
2025-11-12 18:25:47,187 INFO [train] games=49800/50000  winrate=0.540  w/l/d=54/45/1  speed=9.9 games/s  eps=0.050
2025-11-12 18:25:56,293 INFO [train] games=49900/50000  winrate=0.400  w/l/d=40/60/0  speed=11.0 games/s  eps=0.050
2025-11-12 18:26:05,302 INFO [train] games=50000/50000  winrate=0.410  w/l/d=41/58/1  speed=11.1 games/s  eps=0.050
2025-11-12 18:29:22,820 INFO [eval] games=200  winrate=0.985 95%CI=[0.957,0.995]  w/l/d=197/3/0 (eval_depth=3, eval_width=6)
2025-11-12 18:29:22,822 INFO [ckpt] saved -> model\model_ep50000.cpt.npy (and updated model.cpt.npy)
2025-11-12 18:29:22,822 INFO [ckpt] final save -> model\model.cpt.npy
